TN:
SF:/home/atcsol/git/Obdh_Proyectofinal/uah_photsat_freertos/asw/components/ccbkgtcexec/include/public/ccbkgtcexec_iface_v1.h
end_of_record
SF:/home/atcsol/git/Obdh_Proyectofinal/uah_photsat_freertos/asw/components/ccbkgtcexec/src/CCBKGTCExecS.cpp
FN:13,_ZN11CCBKGTCExecC2Ejj15TEDROOMPriorityjPNS_13CEDROOMMemoryE
FNDA:1,_ZN11CCBKGTCExecC2Ejj15TEDROOMPriorityjPNS_13CEDROOMMemoryE
FN:41,_ZN11CCBKGTCExec12EDROOMConfigEv
FNDA:0,_ZN11CCBKGTCExec12EDROOMConfigEv
FN:52,_ZN11CCBKGTCExec11EDROOMStartEv
FNDA:1,_ZN11CCBKGTCExec11EDROOMStartEv
FN:73,_ZN11CCBKGTCExec15EDROOMBehaviourEv
FNDA:1,_ZN11CCBKGTCExec15EDROOMBehaviourEv
FN:102,_ZN11CCBKGTCExec13CEDROOMMemory9SetMemoryEjP14CEDROOMMessagePbjPN12CEDROOMQueue10CQueueNodeES3_
FNDA:1,_ZN11CCBKGTCExec13CEDROOMMemory9SetMemoryEjP14CEDROOMMessagePbjPN12CEDROOMQueue10CQueueNodeES3_
DA:13,1
DA:17,1
DA:24,1
DA:30,1
DA:41,0
DA:45,0
DA:52,1
DA:58,1
DA:60,1
DA:73,1
DA:76,1
DA:77,1
DA:79,0
DA:102,1
DA:110,1
DA:111,1
DA:114,1
end_of_record
TN:
SF:/home/atcsol/git/Obdh_Proyectofinal/uah_photsat_freertos/asw/components/ccbkgtcexec/include/public/ccbkgtcexec_iface_v1.h
FN:195,_ZN11CCBKGTCExec16EDROOM_CTX_Top_016EDROOMNewMessageEv
FNDA:1,_ZN11CCBKGTCExec16EDROOM_CTX_Top_016EDROOMNewMessageEv
DA:195,1
DA:196,1
end_of_record
SF:/home/atcsol/git/Obdh_Proyectofinal/uah_photsat_freertos/asw/components/ccbkgtcexec/src/CCBKGTCExecB.cpp
FN:13,_ZN11CCBKGTCExec16EDROOM_CTX_Top_0C2ERS_
FNDA:1,_ZN11CCBKGTCExec16EDROOM_CTX_Top_0C2ERS_
FN:22,_ZN11CCBKGTCExec16EDROOM_CTX_Top_0C2ERS0_
FNDA:0,_ZN11CCBKGTCExec16EDROOM_CTX_Top_0C2ERS0_
FN:34,_ZN11CCBKGTCExec16EDROOM_CTX_Top_024EDROOMSearchContextTransER14TEDROOMTransId
FNDA:0,_ZN11CCBKGTCExec16EDROOM_CTX_Top_024EDROOMSearchContextTransER14TEDROOMTransId
FN:58,_ZN11CCBKGTCExec16EDROOM_CTX_Top_010FExecBKGTCEv
FNDA:0,_ZN11CCBKGTCExec16EDROOM_CTX_Top_010FExecBKGTCEv
FN:87,_ZN11CCBKGTCExec16EDROOM_SUB_Top_0C2ERS_
FNDA:1,_ZN11CCBKGTCExec16EDROOM_SUB_Top_0C2ERS_
FN:95,_ZN11CCBKGTCExec16EDROOM_SUB_Top_015EDROOMBehaviourEv
FNDA:1,_ZN11CCBKGTCExec16EDROOM_SUB_Top_015EDROOMBehaviourEv
FN:154,_ZN11CCBKGTCExec16EDROOM_SUB_Top_010EDROOMInitEv
FNDA:1,_ZN11CCBKGTCExec16EDROOM_SUB_Top_010EDROOMInitEv
FN:171,_ZN11CCBKGTCExec16EDROOM_SUB_Top_014EDROOMIArrivalEv
FNDA:1,_ZN11CCBKGTCExec16EDROOM_SUB_Top_014EDROOMIArrivalEv
FN:193,_ZN11CCBKGTCExec16EDROOM_SUB_Top_018EDROOMReadyArrivalEv
FNDA:1,_ZN11CCBKGTCExec16EDROOM_SUB_Top_018EDROOMReadyArrivalEv
DA:13,1
DA:16,1
DA:17,1
DA:18,1
DA:20,1
DA:22,0
DA:24,0
DA:25,0
DA:26,0
DA:27,0
DA:30,0
DA:34,0
DA:38,0
DA:40,0
DA:43,0
DA:45,0
DA:46,0
DA:47,0
DA:48,0
DA:52,0
DA:58,0
DA:62,0
DA:67,0
DA:69,0
DA:87,1
DA:88,1
DA:91,1
DA:95,1
DA:102,1
DA:104,0
DA:109,1
DA:113,1
DA:115,1
DA:116,1
DA:118,0
DA:120,0
DA:122,0
DA:123,0
DA:127,1
DA:131,0
DA:133,0
DA:134,0
DA:137,1
DA:139,1
DA:140,0
DA:144,0
DA:146,0
DA:148,0
DA:154,1
DA:157,1
DA:159,1
DA:171,1
DA:177,1
DA:178,1
DA:179,1
DA:193,1
DA:198,1
DA:200,0
DA:203,1
DA:205,0
DA:208,0
DA:210,0
DA:214,0
DA:215,0
DA:216,0
DA:219,0
DA:223,0
DA:225,0
DA:229,0
DA:231,0
end_of_record
TN:
SF:/home/atcsol/git/Obdh_Proyectofinal/uah_photsat_freertos/asw/components/ccobsmng/include/public/ccobsmng_iface_v1.h
end_of_record
SF:/home/atcsol/git/Obdh_Proyectofinal/uah_photsat_freertos/service_libraries/edroomsl/edroomsl/include/edroomsl/edroomsl.h
end_of_record
SF:/home/atcsol/git/Obdh_Proyectofinal/uah_photsat_freertos/asw/components/ccobsmng/src/CCObsMngS.cpp
FN:13,_ZN8CCObsMngC2Ejj15TEDROOMPriorityjPNS_13CEDROOMMemoryE
FNDA:1,_ZN8CCObsMngC2Ejj15TEDROOMPriorityjPNS_13CEDROOMMemoryE
FN:50,_ZN8CCObsMng12EDROOMConfigEv
FNDA:0,_ZN8CCObsMng12EDROOMConfigEv
FN:61,_ZN8CCObsMng11EDROOMStartEv
FNDA:1,_ZN8CCObsMng11EDROOMStartEv
FN:86,_ZN8CCObsMng15EDROOMBehaviourEv
FNDA:1,_ZN8CCObsMng15EDROOMBehaviourEv
FN:115,_ZN8CCObsMng13CEDROOMMemory9SetMemoryEjP14CEDROOMMessagePbjPN12CEDROOMQueue10CQueueNodeES3_
FNDA:1,_ZN8CCObsMng13CEDROOMMemory9SetMemoryEjP14CEDROOMMessagePbjPN12CEDROOMQueue10CQueueNodeES3_
DA:13,1
DA:17,1
DA:33,1
DA:39,1
DA:50,0
DA:54,0
DA:61,1
DA:67,1
DA:71,1
DA:73,1
DA:86,1
DA:89,1
DA:90,1
DA:92,0
DA:115,1
DA:123,1
DA:124,1
DA:126,1
DA:129,1
end_of_record
SF:/home/atcsol/git/Obdh_Proyectofinal/uah_photsat_freertos/service_libraries/edroomsl/edroombp/include/public/edroombp.h
FN:192,_ZN12Pr_SemaphoreD2Ev
FNDA:0,_ZN12Pr_SemaphoreD2Ev
FN:261,_ZN15Pr_SemaphoreBinD2Ev
FNDA:0,_ZN15Pr_SemaphoreBinD2Ev
FN:337,_ZN15Pr_SemaphoreRecD2Ev
FNDA:0,_ZN15Pr_SemaphoreRecD2Ev
FN:533,_ZN7Pr_TaskD2Ev
FNDA:0,_ZN7Pr_TaskD2Ev
DA:192,0
DA:193,0
DA:194,0
DA:195,0
DA:261,0
DA:262,0
DA:264,0
DA:337,0
DA:533,0
DA:534,0
DA:536,0
end_of_record
TN:
SF:/home/atcsol/git/Obdh_Proyectofinal/uah_photsat_freertos/asw/components/ccobsmng/src/CCObsMngB.cpp
FN:13,_ZN8CCObsMng16EDROOM_CTX_Top_0C2ERS_R7Pr_Time
FNDA:1,_ZN8CCObsMng16EDROOM_CTX_Top_0C2ERS_R7Pr_Time
FN:27,_ZN8CCObsMng16EDROOM_CTX_Top_0C2ERS0_
FNDA:0,_ZN8CCObsMng16EDROOM_CTX_Top_0C2ERS0_
FN:43,_ZN8CCObsMng16EDROOM_CTX_Top_024EDROOMSearchContextTransER14TEDROOMTransId
FNDA:0,_ZN8CCObsMng16EDROOM_CTX_Top_024EDROOMSearchContextTransER14TEDROOMTransId
FN:67,_ZN8CCObsMng16EDROOM_CTX_Top_015FDoAttitudeCtrlEv
FNDA:2502,_ZN8CCObsMng16EDROOM_CTX_Top_015FDoAttitudeCtrlEv
FN:77,_ZN8CCObsMng16EDROOM_CTX_Top_015FEndObservationEv
FNDA:0,_ZN8CCObsMng16EDROOM_CTX_Top_015FEndObservationEv
FN:88,_ZN8CCObsMng16EDROOM_CTX_Top_014FExecObsMng_TCEv
FNDA:3,_ZN8CCObsMng16EDROOM_CTX_Top_014FExecObsMng_TCEv
FN:101,_ZN8CCObsMng16EDROOM_CTX_Top_05FInitEv
FNDA:1,_ZN8CCObsMng16EDROOM_CTX_Top_05FInitEv
FN:120,_ZN8CCObsMng16EDROOM_CTX_Top_017FProgAttitudeCtrlEv
FNDA:2502,_ZN8CCObsMng16EDROOM_CTX_Top_017FProgAttitudeCtrlEv
FN:139,_ZN8CCObsMng16EDROOM_CTX_Top_014FProgTakeImageEv
FNDA:0,_ZN8CCObsMng16EDROOM_CTX_Top_014FProgTakeImageEv
FN:156,_ZN8CCObsMng16EDROOM_CTX_Top_010FTakeImageEv
FNDA:0,_ZN8CCObsMng16EDROOM_CTX_Top_010FTakeImageEv
FN:166,_ZN8CCObsMng16EDROOM_CTX_Top_014FToObservationEv
FNDA:0,_ZN8CCObsMng16EDROOM_CTX_Top_014FToObservationEv
FN:176,_ZN8CCObsMng16EDROOM_CTX_Top_010GLastImageEv
FNDA:0,_ZN8CCObsMng16EDROOM_CTX_Top_010GLastImageEv
FN:186,_ZN8CCObsMng16EDROOM_CTX_Top_019GReadyToObservationEv
FNDA:2502,_ZN8CCObsMng16EDROOM_CTX_Top_019GReadyToObservationEv
FN:210,_ZN8CCObsMng16EDROOM_SUB_Top_0C2ERS_
FNDA:1,_ZN8CCObsMng16EDROOM_SUB_Top_0C2ERS_
FN:219,_ZN8CCObsMng16EDROOM_SUB_Top_015EDROOMBehaviourEv
FNDA:1,_ZN8CCObsMng16EDROOM_SUB_Top_015EDROOMBehaviourEv
FN:351,_ZN8CCObsMng16EDROOM_SUB_Top_010EDROOMInitEv
FNDA:1,_ZN8CCObsMng16EDROOM_SUB_Top_010EDROOMInitEv
FN:368,_ZN8CCObsMng16EDROOM_SUB_Top_014EDROOMIArrivalEv
FNDA:1,_ZN8CCObsMng16EDROOM_SUB_Top_014EDROOMIArrivalEv
FN:390,_ZN8CCObsMng16EDROOM_SUB_Top_020EDROOMStandByArrivalEv
FNDA:2506,_ZN8CCObsMng16EDROOM_SUB_Top_020EDROOMStandByArrivalEv
FN:455,_ZN8CCObsMng16EDROOM_SUB_Top_024EDROOMObservationArrivalEv
FNDA:0,_ZN8CCObsMng16EDROOM_SUB_Top_024EDROOMObservationArrivalEv
DA:13,1
DA:14,1
DA:17,1
DA:18,1
DA:19,1
DA:20,1
DA:21,1
DA:23,1
DA:25,1
DA:27,0
DA:29,0
DA:30,0
DA:31,0
DA:32,0
DA:33,0
DA:34,0
DA:36,0
DA:39,0
DA:43,0
DA:47,0
DA:49,0
DA:52,0
DA:54,0
DA:55,0
DA:56,0
DA:57,0
DA:61,0
DA:67,2502
DA:71,2502
DA:73,2502
DA:77,0
DA:81,0
DA:84,0
DA:88,3
DA:92,3
DA:95,3
DA:97,3
DA:101,1
DA:105,1
DA:111,1
DA:112,1
DA:115,1
DA:116,1
DA:120,2502
DA:124,2502
DA:131,2502
DA:132,2502
DA:134,2502
DA:135,2502
DA:139,0
DA:143,0
DA:149,0
DA:151,0
DA:152,0
DA:156,0
DA:160,0
DA:162,0
DA:166,0
DA:170,0
DA:172,0
DA:176,0
DA:180,0
DA:182,0
DA:186,2502
DA:190,2502
DA:210,1
DA:212,1
DA:215,1
DA:219,1
DA:226,1
DA:228,2505
DA:233,2506
DA:237,1
DA:239,1
DA:241,1
DA:242,1
DA:244,2502
DA:247,2502
DA:249,2502
DA:252,0
DA:255,0
DA:259,0
DA:265,2502
DA:268,2502
DA:272,2502
DA:274,2502
DA:276,0
DA:279,0
DA:281,0
DA:284,0
DA:285,0
DA:288,0
DA:292,0
DA:299,0
DA:303,0
DA:305,0
DA:307,3
DA:309,3
DA:311,3
DA:312,3
DA:316,2506
DA:320,0
DA:322,0
DA:323,0
DA:326,2506
DA:328,2506
DA:329,2505
DA:332,0
DA:334,0
DA:336,0
DA:337,0
DA:341,2505
DA:343,2505
DA:345,0
DA:351,1
DA:354,1
DA:356,1
DA:368,1
DA:374,1
DA:375,1
DA:376,1
DA:390,2506
DA:395,2506
DA:397,0
DA:400,2506
DA:402,2505
DA:405,2502
DA:407,2502
DA:411,2502
DA:412,2502
DA:413,2502
DA:416,2502
DA:418,3
DA:420,3
DA:424,3
DA:425,3
DA:426,3
DA:429,3
DA:433,2505
DA:435,0
DA:439,2505
DA:441,2505
DA:455,0
DA:460,0
DA:462,0
DA:465,0
DA:467,0
DA:470,0
DA:472,0
DA:476,0
DA:477,0
DA:478,0
DA:481,0
DA:485,0
DA:487,0
DA:491,0
DA:493,0
end_of_record
SF:/home/atcsol/git/Obdh_Proyectofinal/uah_photsat_freertos/asw/components/ccobsmng/include/public/ccobsmng_iface_v1.h
FN:243,_ZN8CCObsMng16EDROOM_CTX_Top_016EDROOMNewMessageEv
FNDA:2506,_ZN8CCObsMng16EDROOM_CTX_Top_016EDROOMNewMessageEv
DA:243,2506
DA:244,2506
end_of_record
TN:
SF:/home/atcsol/git/Obdh_Proyectofinal/uah_photsat_freertos/asw/components/cchk_fdirmng/include/public/cchk_fdirmng_iface_v1.h
end_of_record
SF:/home/atcsol/git/Obdh_Proyectofinal/uah_photsat_freertos/service_libraries/edroomsl/edroombp/include/public/edroombp.h
FN:192,_ZN12Pr_SemaphoreD2Ev
FNDA:0,_ZN12Pr_SemaphoreD2Ev
FN:261,_ZN15Pr_SemaphoreBinD2Ev
FNDA:0,_ZN15Pr_SemaphoreBinD2Ev
FN:337,_ZN15Pr_SemaphoreRecD2Ev
FNDA:0,_ZN15Pr_SemaphoreRecD2Ev
FN:533,_ZN7Pr_TaskD2Ev
FNDA:0,_ZN7Pr_TaskD2Ev
DA:192,0
DA:193,0
DA:194,0
DA:195,0
DA:261,0
DA:262,0
DA:264,0
DA:337,0
DA:533,0
DA:534,0
DA:536,0
end_of_record
SF:/home/atcsol/git/Obdh_Proyectofinal/uah_photsat_freertos/asw/components/cchk_fdirmng/src/CCHK_FDIRMngS.cpp
FN:13,_ZN12CCHK_FDIRMngC2Ejj15TEDROOMPriorityjPNS_13CEDROOMMemoryE
FNDA:1,_ZN12CCHK_FDIRMngC2Ejj15TEDROOMPriorityjPNS_13CEDROOMMemoryE
FN:49,_ZN12CCHK_FDIRMng12EDROOMConfigEv
FNDA:0,_ZN12CCHK_FDIRMng12EDROOMConfigEv
FN:60,_ZN12CCHK_FDIRMng11EDROOMStartEv
FNDA:1,_ZN12CCHK_FDIRMng11EDROOMStartEv
FN:85,_ZN12CCHK_FDIRMng15EDROOMBehaviourEv
FNDA:1,_ZN12CCHK_FDIRMng15EDROOMBehaviourEv
FN:114,_ZN12CCHK_FDIRMng13CEDROOMMemory9SetMemoryEjP14CEDROOMMessagePbjPN12CEDROOMQueue10CQueueNodeES3_
FNDA:1,_ZN12CCHK_FDIRMng13CEDROOMMemory9SetMemoryEjP14CEDROOMMessagePbjPN12CEDROOMQueue10CQueueNodeES3_
DA:13,1
DA:17,1
DA:32,1
DA:38,1
DA:49,0
DA:53,0
DA:60,1
DA:66,1
DA:70,1
DA:72,1
DA:85,1
DA:88,1
DA:89,1
DA:91,0
DA:114,1
DA:122,1
DA:123,1
DA:125,1
DA:128,1
end_of_record
SF:/home/atcsol/git/Obdh_Proyectofinal/uah_photsat_freertos/service_libraries/edroomsl/edroomsl/include/edroomsl/edroomsl.h
FN:115,_ZN11CEDROOMPoolD0Ev
FNDA:0,_ZN11CEDROOMPoolD0Ev
FN:115,_ZN11CEDROOMPoolD2Ev
FNDA:0,_ZN11CEDROOMPoolD2Ev
FN:236,_ZN17CEDROOMMemoryPoolD0Ev
FNDA:0,_ZN17CEDROOMMemoryPoolD0Ev
FN:236,_ZN17CEDROOMMemoryPoolD2Ev
FNDA:0,_ZN17CEDROOMMemoryPoolD2Ev
FN:314,_ZN26CEDROOMProtectedMemoryPoolD0Ev
FNDA:0,_ZN26CEDROOMProtectedMemoryPoolD0Ev
FN:314,_ZN26CEDROOMProtectedMemoryPoolD2Ev
FNDA:0,_ZN26CEDROOMProtectedMemoryPoolD2Ev
DA:115,0
DA:115,0
DA:236,0
DA:236,0
DA:314,0
DA:314,0
end_of_record
TN:
SF:/home/atcsol/git/Obdh_Proyectofinal/uah_photsat_freertos/asw/components/cchk_fdirmng/src/CCHK_FDIRMngB.cpp
FN:13,_ZN12CCHK_FDIRMng16EDROOM_CTX_Top_0C2ERS_R7Pr_TimeRNS0_21CEDROOMPOOLCDEvActionE
FNDA:1,_ZN12CCHK_FDIRMng16EDROOM_CTX_Top_0C2ERS_R7Pr_TimeRNS0_21CEDROOMPOOLCDEvActionE
FN:27,_ZN12CCHK_FDIRMng16EDROOM_CTX_Top_0C2ERS0_
FNDA:0,_ZN12CCHK_FDIRMng16EDROOM_CTX_Top_0C2ERS0_
FN:42,_ZN12CCHK_FDIRMng16EDROOM_CTX_Top_024EDROOMSearchContextTransER14TEDROOMTransId
FNDA:0,_ZN12CCHK_FDIRMng16EDROOM_CTX_Top_024EDROOMSearchContextTransER14TEDROOMTransId
FN:66,_ZN12CCHK_FDIRMng16EDROOM_CTX_Top_010FDoHK_FDIREv
FNDA:25,_ZN12CCHK_FDIRMng16EDROOM_CTX_Top_010FDoHK_FDIREv
FN:85,_ZN12CCHK_FDIRMng16EDROOM_CTX_Top_015FExecHK_FDIR_TCEv
FNDA:6,_ZN12CCHK_FDIRMng16EDROOM_CTX_Top_015FExecHK_FDIR_TCEv
FN:97,_ZN12CCHK_FDIRMng16EDROOM_CTX_Top_012FFwdEvActionEv
FNDA:1,_ZN12CCHK_FDIRMng16EDROOM_CTX_Top_012FFwdEvActionEv
FN:113,_ZN12CCHK_FDIRMng16EDROOM_CTX_Top_012FInitHK_FDIREv
FNDA:1,_ZN12CCHK_FDIRMng16EDROOM_CTX_Top_012FInitHK_FDIREv
FN:130,_ZN12CCHK_FDIRMng16EDROOM_CTX_Top_016GPendingEvActionEv
FNDA:25,_ZN12CCHK_FDIRMng16EDROOM_CTX_Top_016GPendingEvActionEv
FN:146,_ZN12CCHK_FDIRMng16EDROOM_CTX_Top_021CEDROOMPOOLCDEvActionC2EjP10CDEvActionPb
FNDA:1,_ZN12CCHK_FDIRMng16EDROOM_CTX_Top_021CEDROOMPOOLCDEvActionC2EjP10CDEvActionPb
FN:153,_ZN12CCHK_FDIRMng16EDROOM_CTX_Top_021CEDROOMPOOLCDEvAction9AllocDataEv
FNDA:1,_ZN12CCHK_FDIRMng16EDROOM_CTX_Top_021CEDROOMPOOLCDEvAction9AllocDataEv
FN:170,_ZN12CCHK_FDIRMng16EDROOM_SUB_Top_0C2ERS_PNS_13CEDROOMMemoryE
FNDA:1,_ZN12CCHK_FDIRMng16EDROOM_SUB_Top_0C2ERS_PNS_13CEDROOMMemoryE
FN:184,_ZN12CCHK_FDIRMng16EDROOM_SUB_Top_015EDROOMBehaviourEv
FNDA:1,_ZN12CCHK_FDIRMng16EDROOM_SUB_Top_015EDROOMBehaviourEv
FN:275,_ZN12CCHK_FDIRMng16EDROOM_SUB_Top_010EDROOMInitEv
FNDA:1,_ZN12CCHK_FDIRMng16EDROOM_SUB_Top_010EDROOMInitEv
FN:292,_ZN12CCHK_FDIRMng16EDROOM_SUB_Top_014EDROOMIArrivalEv
FNDA:1,_ZN12CCHK_FDIRMng16EDROOM_SUB_Top_014EDROOMIArrivalEv
FN:314,_ZN12CCHK_FDIRMng16EDROOM_SUB_Top_018EDROOMReadyArrivalEv
FNDA:32,_ZN12CCHK_FDIRMng16EDROOM_SUB_Top_018EDROOMReadyArrivalEv
DA:13,1
DA:15,1
DA:18,1
DA:19,1
DA:20,1
DA:21,1
DA:23,1
DA:25,1
DA:27,0
DA:29,0
DA:30,0
DA:31,0
DA:32,0
DA:33,0
DA:34,0
DA:35,0
DA:38,0
DA:42,0
DA:46,0
DA:48,0
DA:51,0
DA:53,0
DA:54,0
DA:55,0
DA:56,0
DA:60,0
DA:66,25
DA:70,25
DA:72,25
DA:73,25
DA:75,25
DA:76,25
DA:77,25
DA:78,25
DA:80,25
DA:81,25
DA:85,6
DA:89,6
DA:91,6
DA:93,6
DA:97,1
DA:101,1
DA:106,1
DA:108,1
DA:109,1
DA:113,1
DA:117,1
DA:119,1
DA:120,1
DA:121,1
DA:125,1
DA:126,1
DA:130,25
DA:135,25
DA:146,1
DA:147,1
DA:149,1
DA:151,1
DA:153,1
DA:155,1
DA:170,1
DA:171,1
DA:173,1
DA:174,1
DA:176,1
DA:177,1
DA:180,1
DA:184,1
DA:191,1
DA:193,31
DA:198,32
DA:202,1
DA:204,1
DA:206,1
DA:207,1
DA:209,6
DA:211,6
DA:213,6
DA:214,6
DA:216,25
DA:219,25
DA:221,25
DA:224,1
DA:227,1
DA:231,1
DA:238,24
DA:242,24
DA:244,25
DA:248,32
DA:252,0
DA:254,0
DA:255,0
DA:258,32
DA:260,32
DA:261,31
DA:265,31
DA:267,31
DA:269,0
DA:275,1
DA:278,1
DA:280,1
DA:292,1
DA:298,1
DA:299,1
DA:300,1
DA:314,32
DA:319,32
DA:321,0
DA:324,32
DA:326,31
DA:329,6
DA:331,6
DA:335,6
DA:336,6
DA:337,6
DA:340,6
DA:342,25
DA:344,25
DA:348,25
DA:349,25
DA:350,25
DA:353,25
DA:357,31
DA:359,0
DA:363,31
DA:365,31
end_of_record
SF:/home/atcsol/git/Obdh_Proyectofinal/uah_photsat_freertos/service_libraries/edroomsl/edroomsl/include/edroomsl/edroomsl.h
FN:115,_ZN11CEDROOMPoolD0Ev
FNDA:0,_ZN11CEDROOMPoolD0Ev
FN:115,_ZN11CEDROOMPoolD2Ev
FNDA:0,_ZN11CEDROOMPoolD2Ev
FN:236,_ZN17CEDROOMMemoryPoolD0Ev
FNDA:0,_ZN17CEDROOMMemoryPoolD0Ev
FN:236,_ZN17CEDROOMMemoryPoolD2Ev
FNDA:0,_ZN17CEDROOMMemoryPoolD2Ev
FN:314,_ZN26CEDROOMProtectedMemoryPoolD0Ev
FNDA:0,_ZN26CEDROOMProtectedMemoryPoolD0Ev
FN:314,_ZN26CEDROOMProtectedMemoryPoolD2Ev
FNDA:0,_ZN26CEDROOMProtectedMemoryPoolD2Ev
DA:115,0
DA:115,0
DA:236,0
DA:236,0
DA:314,0
DA:314,0
end_of_record
SF:/home/atcsol/git/Obdh_Proyectofinal/uah_photsat_freertos/service_libraries/edroomsl/edroombp/include/public/edroombp.h
FN:192,_ZN12Pr_SemaphoreD2Ev
FNDA:0,_ZN12Pr_SemaphoreD2Ev
FN:337,_ZN15Pr_SemaphoreRecD2Ev
FNDA:0,_ZN15Pr_SemaphoreRecD2Ev
DA:192,0
DA:193,0
DA:194,0
DA:195,0
DA:337,0
end_of_record
SF:/home/atcsol/git/Obdh_Proyectofinal/uah_photsat_freertos/asw/components/cchk_fdirmng/include/public/cchk_fdirmng_iface_v1.h
FN:254,_ZN12CCHK_FDIRMng16EDROOM_CTX_Top_016EDROOMNewMessageEv
FNDA:32,_ZN12CCHK_FDIRMng16EDROOM_CTX_Top_016EDROOMNewMessageEv
DA:254,32
DA:255,32
end_of_record
TN:
SF:/home/atcsol/git/Obdh_Proyectofinal/uah_photsat_freertos/asw/components/uahphotsat/include/public/uahphotsat_iface_v1.h
FN:220,_ZN10UAHPhotSat16EDROOM_CTX_Top_016EDROOMNewMessageEv
FNDA:25,_ZN10UAHPhotSat16EDROOM_CTX_Top_016EDROOMNewMessageEv
DA:220,25
DA:221,25
end_of_record
SF:/home/atcsol/git/Obdh_Proyectofinal/uah_photsat_freertos/asw/components/uahphotsat/src/UAHPhotSatB.cpp
FN:13,_ZN10UAHPhotSat16EDROOM_CTX_Top_0C2ERS_R7Pr_Time
FNDA:1,_ZN10UAHPhotSat16EDROOM_CTX_Top_0C2ERS_R7Pr_Time
FN:24,_ZN10UAHPhotSat16EDROOM_CTX_Top_0C2ERS0_
FNDA:0,_ZN10UAHPhotSat16EDROOM_CTX_Top_0C2ERS0_
FN:37,_ZN10UAHPhotSat16EDROOM_CTX_Top_024EDROOMSearchContextTransER14TEDROOMTransId
FNDA:0,_ZN10UAHPhotSat16EDROOM_CTX_Top_024EDROOMSearchContextTransER14TEDROOMTransId
FN:61,_ZN10UAHPhotSat16EDROOM_CTX_Top_08FEmuInitEv
FNDA:1,_ZN10UAHPhotSat16EDROOM_CTX_Top_08FEmuInitEv
FN:81,_ZN10UAHPhotSat16EDROOM_CTX_Top_014FEmuRxTimeCodeEv
FNDA:25,_ZN10UAHPhotSat16EDROOM_CTX_Top_014FEmuRxTimeCodeEv
FN:93,_ZN10UAHPhotSat16EDROOM_CTX_Top_010FProgTimerEv
FNDA:25,_ZN10UAHPhotSat16EDROOM_CTX_Top_010FProgTimerEv
FN:123,_ZN10UAHPhotSat16EDROOM_SUB_Top_0C2ERS_
FNDA:1,_ZN10UAHPhotSat16EDROOM_SUB_Top_0C2ERS_
FN:132,_ZN10UAHPhotSat16EDROOM_SUB_Top_015EDROOMBehaviourEv
FNDA:1,_ZN10UAHPhotSat16EDROOM_SUB_Top_015EDROOMBehaviourEv
FN:195,_ZN10UAHPhotSat16EDROOM_SUB_Top_010EDROOMInitEv
FNDA:1,_ZN10UAHPhotSat16EDROOM_SUB_Top_010EDROOMInitEv
FN:212,_ZN10UAHPhotSat16EDROOM_SUB_Top_014EDROOMIArrivalEv
FNDA:1,_ZN10UAHPhotSat16EDROOM_SUB_Top_014EDROOMIArrivalEv
FN:234,_ZN10UAHPhotSat16EDROOM_SUB_Top_018EDROOMReadyArrivalEv
FNDA:25,_ZN10UAHPhotSat16EDROOM_SUB_Top_018EDROOMReadyArrivalEv
DA:13,1
DA:14,1
DA:17,1
DA:18,1
DA:19,1
DA:20,1
DA:22,1
DA:24,0
DA:26,0
DA:27,0
DA:28,0
DA:29,0
DA:30,0
DA:33,0
DA:37,0
DA:41,0
DA:43,0
DA:46,0
DA:48,0
DA:49,0
DA:50,0
DA:51,0
DA:55,0
DA:61,1
DA:65,1
DA:67,1
DA:69,1
DA:71,1
DA:72,1
DA:74,1
DA:76,1
DA:77,1
DA:81,25
DA:86,25
DA:89,24
DA:93,25
DA:97,25
DA:100,25
DA:102,25
DA:104,25
DA:105,25
DA:123,1
DA:125,1
DA:128,1
DA:132,1
DA:139,1
DA:141,25
DA:146,26
DA:150,1
DA:152,1
DA:154,1
DA:155,1
DA:157,25
DA:159,25
DA:161,24
DA:162,24
DA:166,25
DA:170,0
DA:172,0
DA:173,0
DA:176,25
DA:178,25
DA:180,25
DA:181,25
DA:185,25
DA:187,25
DA:189,0
DA:195,1
DA:198,1
DA:200,1
DA:212,1
DA:218,1
DA:219,1
DA:220,1
DA:234,25
DA:239,25
DA:241,0
DA:244,25
DA:246,25
DA:249,25
DA:251,25
DA:255,25
DA:256,25
DA:257,25
DA:260,25
DA:264,25
DA:266,0
DA:270,25
DA:272,25
end_of_record
TN:
SF:/home/atcsol/git/Obdh_Proyectofinal/uah_photsat_freertos/service_libraries/edroomsl/edroombp/include/public/edroombp.h
FN:192,_ZN12Pr_SemaphoreD2Ev
FNDA:0,_ZN12Pr_SemaphoreD2Ev
FN:261,_ZN15Pr_SemaphoreBinD2Ev
FNDA:0,_ZN15Pr_SemaphoreBinD2Ev
FN:337,_ZN15Pr_SemaphoreRecD2Ev
FNDA:0,_ZN15Pr_SemaphoreRecD2Ev
FN:533,_ZN7Pr_TaskD2Ev
FNDA:0,_ZN7Pr_TaskD2Ev
DA:192,0
DA:193,0
DA:194,0
DA:195,0
DA:261,0
DA:262,0
DA:264,0
DA:337,0
DA:533,0
DA:534,0
DA:536,0
end_of_record
SF:/home/atcsol/git/Obdh_Proyectofinal/uah_photsat_freertos/asw/components/uahphotsat/src/UAHPhotSatS.cpp
FN:13,_ZN10UAHPhotSatC2Ejj15TEDROOMPriorityjPNS_13CEDROOMMemoryE
FNDA:1,_ZN10UAHPhotSatC2Ejj15TEDROOMPriorityjPNS_13CEDROOMMemoryE
FN:49,_ZN10UAHPhotSat12EDROOMConfigEv
FNDA:0,_ZN10UAHPhotSat12EDROOMConfigEv
FN:60,_ZN10UAHPhotSat11EDROOMStartEv
FNDA:1,_ZN10UAHPhotSat11EDROOMStartEv
FN:85,_ZN10UAHPhotSat15EDROOMBehaviourEv
FNDA:1,_ZN10UAHPhotSat15EDROOMBehaviourEv
FN:114,_ZN10UAHPhotSat13CEDROOMMemory9SetMemoryEjP14CEDROOMMessagePbjPN12CEDROOMQueue10CQueueNodeES3_
FNDA:1,_ZN10UAHPhotSat13CEDROOMMemory9SetMemoryEjP14CEDROOMMessagePbjPN12CEDROOMQueue10CQueueNodeES3_
DA:13,1
DA:17,1
DA:32,1
DA:38,1
DA:49,0
DA:53,0
DA:60,1
DA:66,1
DA:70,1
DA:72,1
DA:85,1
DA:88,1
DA:89,1
DA:91,0
DA:114,1
DA:122,1
DA:123,1
DA:125,1
DA:128,1
end_of_record
SF:/home/atcsol/git/Obdh_Proyectofinal/uah_photsat_freertos/asw/components/uahphotsat/include/public/uahphotsat_iface_v1.h
end_of_record
SF:/home/atcsol/git/Obdh_Proyectofinal/uah_photsat_freertos/service_libraries/edroomsl/edroomsl/include/edroomsl/edroomsl.h
end_of_record
TN:
SF:/home/atcsol/git/Obdh_Proyectofinal/uah_photsat_freertos/service_libraries/edroomsl/edroombp/include/public/edroombp.h
FN:192,_ZN12Pr_SemaphoreD2Ev
FNDA:0,_ZN12Pr_SemaphoreD2Ev
FN:337,_ZN15Pr_SemaphoreRecD2Ev
FNDA:0,_ZN15Pr_SemaphoreRecD2Ev
DA:192,0
DA:193,0
DA:194,0
DA:195,0
DA:337,0
end_of_record
SF:/home/atcsol/git/Obdh_Proyectofinal/uah_photsat_freertos/asw/dataclasses/CDTCExecCtrl/include/public/cdtcexecctrl.h
FN:25,_ZN12CDTCExecCtrl10IsRebootTCEv
FNDA:10,_ZN12CDTCExecCtrl10IsRebootTCEv
FN:41,_ZN12CDTCExecCtrl11IsHK_FDIRTCEv
FNDA:9,_ZN12CDTCExecCtrl11IsHK_FDIRTCEv
FN:53,_ZN12CDTCExecCtrl10IsObsMngTCEv
FNDA:3,_ZN12CDTCExecCtrl10IsObsMngTCEv
FN:62,_ZN12CDTCExecCtrl7IsBKGTCEv
FNDA:3,_ZN12CDTCExecCtrl7IsBKGTCEv
DA:25,10
DA:41,9
DA:53,3
DA:62,3
end_of_record
SF:/home/atcsol/git/Obdh_Proyectofinal/uah_photsat_freertos/asw/components/cctcmanager/include/public/cctcmanager_iface_v1.h
FN:301,_ZN11CCTCManager16EDROOM_CTX_Top_016EDROOMNewMessageEv
FNDA:10,_ZN11CCTCManager16EDROOM_CTX_Top_016EDROOMNewMessageEv
DA:301,10
DA:302,10
end_of_record
SF:/home/atcsol/git/Obdh_Proyectofinal/uah_photsat_freertos/asw/components/cctcmanager/src/CCTCManagerB.cpp
FN:13,_ZN11CCTCManager16EDROOM_CTX_Top_0C2ERS_R16CDTCAcceptReportR11CDTCHandlerR12CDTCExecCtrlRNS0_22CEDROOMPOOLCDTCHandlerE
FNDA:1,_ZN11CCTCManager16EDROOM_CTX_Top_0C2ERS_R16CDTCAcceptReportR11CDTCHandlerR12CDTCExecCtrlRNS0_22CEDROOMPOOLCDTCHandlerE
FN:33,_ZN11CCTCManager16EDROOM_CTX_Top_0C2ERS0_
FNDA:0,_ZN11CCTCManager16EDROOM_CTX_Top_0C2ERS0_
FN:52,_ZN11CCTCManager16EDROOM_CTX_Top_024EDROOMSearchContextTransER14TEDROOMTransId
FNDA:0,_ZN11CCTCManager16EDROOM_CTX_Top_024EDROOMSearchContextTransER14TEDROOMTransId
FN:76,_ZN11CCTCManager16EDROOM_CTX_Top_07FExecTCEv
FNDA:1,_ZN11CCTCManager16EDROOM_CTX_Top_07FExecTCEv
FN:86,_ZN11CCTCManager16EDROOM_CTX_Top_013FFwdHK_FDIRTCEv
FNDA:6,_ZN11CCTCManager16EDROOM_CTX_Top_013FFwdHK_FDIRTCEv
FN:101,_ZN11CCTCManager16EDROOM_CTX_Top_012FFwdObsMngTCEv
FNDA:3,_ZN11CCTCManager16EDROOM_CTX_Top_012FFwdObsMngTCEv
FN:116,_ZN11CCTCManager16EDROOM_CTX_Top_015FFwdToBKGTCExecEv
FNDA:0,_ZN11CCTCManager16EDROOM_CTX_Top_015FFwdToBKGTCExecEv
FN:131,_ZN11CCTCManager16EDROOM_CTX_Top_012FGetEvActionEv
FNDA:1,_ZN11CCTCManager16EDROOM_CTX_Top_012FGetEvActionEv
FN:149,_ZN11CCTCManager16EDROOM_CTX_Top_06FGetTCEv
FNDA:9,_ZN11CCTCManager16EDROOM_CTX_Top_06FGetTCEv
FN:165,_ZN11CCTCManager16EDROOM_CTX_Top_05FInitEv
FNDA:1,_ZN11CCTCManager16EDROOM_CTX_Top_05FInitEv
FN:181,_ZN11CCTCManager16EDROOM_CTX_Top_017FMngTCAcceptationEv
FNDA:9,_ZN11CCTCManager16EDROOM_CTX_Top_017FMngTCAcceptationEv
FN:193,_ZN11CCTCManager16EDROOM_CTX_Top_015FMngTCRejectionEv
FNDA:0,_ZN11CCTCManager16EDROOM_CTX_Top_015FMngTCRejectionEv
FN:206,_ZN11CCTCManager16EDROOM_CTX_Top_07FRebootEv
FNDA:1,_ZN11CCTCManager16EDROOM_CTX_Top_07FRebootEv
FN:216,_ZN11CCTCManager16EDROOM_CTX_Top_011FTCExecCtrlEv
FNDA:10,_ZN11CCTCManager16EDROOM_CTX_Top_011FTCExecCtrlEv
FN:226,_ZN11CCTCManager16EDROOM_CTX_Top_09GAcceptTCEv
FNDA:9,_ZN11CCTCManager16EDROOM_CTX_Top_09GAcceptTCEv
FN:236,_ZN11CCTCManager16EDROOM_CTX_Top_015GFwdToBKGTCExecEv
FNDA:3,_ZN11CCTCManager16EDROOM_CTX_Top_015GFwdToBKGTCExecEv
FN:246,_ZN11CCTCManager16EDROOM_CTX_Top_013GFwdToHK_FDIREv
FNDA:9,_ZN11CCTCManager16EDROOM_CTX_Top_013GFwdToHK_FDIREv
FN:256,_ZN11CCTCManager16EDROOM_CTX_Top_09GToRebootEv
FNDA:10,_ZN11CCTCManager16EDROOM_CTX_Top_09GToRebootEv
FN:266,_ZN11CCTCManager16EDROOM_CTX_Top_012GFwdObsMngTCEv
FNDA:3,_ZN11CCTCManager16EDROOM_CTX_Top_012GFwdObsMngTCEv
FN:280,_ZN11CCTCManager16EDROOM_CTX_Top_022CEDROOMPOOLCDTCHandlerC2EjP11CDTCHandlerPb
FNDA:1,_ZN11CCTCManager16EDROOM_CTX_Top_022CEDROOMPOOLCDTCHandlerC2EjP11CDTCHandlerPb
FN:287,_ZN11CCTCManager16EDROOM_CTX_Top_022CEDROOMPOOLCDTCHandler9AllocDataEv
FNDA:9,_ZN11CCTCManager16EDROOM_CTX_Top_022CEDROOMPOOLCDTCHandler9AllocDataEv
FN:304,_ZN11CCTCManager16EDROOM_SUB_Top_0C2ERS_PNS_13CEDROOMMemoryE
FNDA:1,_ZN11CCTCManager16EDROOM_SUB_Top_0C2ERS_PNS_13CEDROOMMemoryE
FN:320,_ZN11CCTCManager16EDROOM_SUB_Top_015EDROOMBehaviourEv
FNDA:1,_ZN11CCTCManager16EDROOM_SUB_Top_015EDROOMBehaviourEv
FN:498,_ZN11CCTCManager16EDROOM_SUB_Top_010EDROOMInitEv
FNDA:1,_ZN11CCTCManager16EDROOM_SUB_Top_010EDROOMInitEv
FN:515,_ZN11CCTCManager16EDROOM_SUB_Top_014EDROOMIArrivalEv
FNDA:1,_ZN11CCTCManager16EDROOM_SUB_Top_014EDROOMIArrivalEv
FN:537,_ZN11CCTCManager16EDROOM_SUB_Top_020EDROOMValidTCArrivalEv
FNDA:10,_ZN11CCTCManager16EDROOM_SUB_Top_020EDROOMValidTCArrivalEv
FN:559,_ZN11CCTCManager16EDROOM_SUB_Top_018EDROOMReadyArrivalEv
FNDA:10,_ZN11CCTCManager16EDROOM_SUB_Top_018EDROOMReadyArrivalEv
FN:624,_ZN11CCTCManager16EDROOM_SUB_Top_019EDROOMRebootArrivalEv
FNDA:0,_ZN11CCTCManager16EDROOM_SUB_Top_019EDROOMRebootArrivalEv
DA:13,1
DA:17,1
DA:20,1
DA:21,1
DA:22,1
DA:23,1
DA:24,1
DA:29,1
DA:31,1
DA:33,0
DA:35,0
DA:36,0
DA:37,0
DA:38,0
DA:39,0
DA:40,0
DA:41,0
DA:42,0
DA:43,0
DA:44,0
DA:45,0
DA:48,0
DA:52,0
DA:56,0
DA:58,0
DA:61,0
DA:63,0
DA:64,0
DA:65,0
DA:66,0
DA:70,0
DA:76,1
DA:80,1
DA:82,1
DA:86,6
DA:90,6
DA:94,6
DA:96,6
DA:97,6
DA:101,3
DA:105,3
DA:109,3
DA:111,3
DA:112,3
DA:116,0
DA:120,0
DA:124,0
DA:126,0
DA:127,0
DA:131,1
DA:135,1
DA:140,1
DA:145,1
DA:149,9
DA:153,9
DA:156,9
DA:159,9
DA:161,9
DA:165,1
DA:169,1
DA:171,1
DA:173,1
DA:175,1
DA:177,1
DA:181,9
DA:186,9
DA:189,9
DA:193,0
DA:199,0
DA:202,0
DA:206,1
DA:210,1
DA:212,0
DA:216,10
DA:220,10
DA:222,10
DA:226,9
DA:230,9
DA:236,3
DA:240,3
DA:246,9
DA:250,9
DA:256,10
DA:260,10
DA:266,3
DA:270,3
DA:280,1
DA:281,1
DA:283,1
DA:285,1
DA:287,9
DA:289,9
DA:304,1
DA:305,1
DA:307,1
DA:308,1
DA:309,1
DA:310,1
DA:312,1
DA:313,1
DA:316,1
DA:320,1
DA:327,1
DA:329,20
DA:334,21
DA:338,1
DA:340,1
DA:342,1
DA:343,1
DA:345,9
DA:348,9
DA:350,9
DA:353,9
DA:356,9
DA:360,9
DA:366,0
DA:369,0
DA:373,0
DA:375,9
DA:377,1
DA:379,1
DA:381,1
DA:382,1
DA:384,10
DA:387,10
DA:389,10
DA:392,1
DA:395,1
DA:399,1
DA:402,9
DA:405,6
DA:408,6
DA:412,6
DA:415,3
DA:418,0
DA:421,0
DA:425,0
DA:428,3
DA:431,3
DA:434,3
DA:438,3
DA:444,0
DA:447,0
DA:451,0
DA:453,10
DA:457,21
DA:461,0
DA:463,0
DA:464,0
DA:467,10
DA:469,10
DA:470,10
DA:473,1
DA:475,1
DA:477,0
DA:478,0
DA:481,10
DA:483,10
DA:484,10
DA:488,20
DA:490,20
DA:492,0
DA:498,1
DA:501,1
DA:503,1
DA:515,1
DA:521,1
DA:522,1
DA:523,1
DA:537,10
DA:543,10
DA:544,10
DA:545,10
DA:559,10
DA:564,10
DA:566,0
DA:569,10
DA:571,10
DA:574,9
DA:576,9
DA:580,9
DA:581,9
DA:582,9
DA:585,9
DA:587,1
DA:589,1
DA:593,1
DA:594,1
DA:595,1
DA:598,1
DA:602,10
DA:604,0
DA:608,10
DA:610,10
DA:624,0
DA:629,0
DA:631,0
DA:634,0
DA:636,0
DA:638,0
DA:642,0
DA:644,0
end_of_record
SF:/home/atcsol/git/Obdh_Proyectofinal/uah_photsat_freertos/asw/dataclasses/CDEvAction/include/public/cdevaction.h
FN:18,_ZN10CDEvAction18GetActionTCHandlerEv
FNDA:1,_ZN10CDEvAction18GetActionTCHandlerEv
DA:18,1
DA:20,1
end_of_record
SF:/home/atcsol/git/Obdh_Proyectofinal/uah_photsat_freertos/asw/dataclasses/CDTCAcceptReport/include/public/cdtcacceptreport.h
FN:16,_ZN16CDTCAcceptReportC2Ev
FNDA:0,_ZN16CDTCAcceptReportC2Ev
FN:21,_ZN16CDTCAcceptReport10IsAcceptedEv
FNDA:9,_ZN16CDTCAcceptReport10IsAcceptedEv
DA:16,0
DA:17,0
DA:18,0
DA:21,9
DA:22,9
end_of_record
SF:/home/atcsol/git/Obdh_Proyectofinal/uah_photsat_freertos/service_libraries/edroomsl/edroomsl/include/edroomsl/edroomsl.h
FN:115,_ZN11CEDROOMPoolD0Ev
FNDA:0,_ZN11CEDROOMPoolD0Ev
FN:115,_ZN11CEDROOMPoolD2Ev
FNDA:0,_ZN11CEDROOMPoolD2Ev
FN:236,_ZN17CEDROOMMemoryPoolD0Ev
FNDA:0,_ZN17CEDROOMMemoryPoolD0Ev
FN:236,_ZN17CEDROOMMemoryPoolD2Ev
FNDA:0,_ZN17CEDROOMMemoryPoolD2Ev
FN:314,_ZN26CEDROOMProtectedMemoryPoolD0Ev
FNDA:0,_ZN26CEDROOMProtectedMemoryPoolD0Ev
FN:314,_ZN26CEDROOMProtectedMemoryPoolD2Ev
FNDA:0,_ZN26CEDROOMProtectedMemoryPoolD2Ev
DA:115,0
DA:115,0
DA:236,0
DA:236,0
DA:314,0
DA:314,0
end_of_record
TN:
SF:/home/atcsol/git/Obdh_Proyectofinal/uah_photsat_freertos/service_libraries/edroomsl/edroomsl/include/edroomsl/edroomsl.h
FN:115,_ZN11CEDROOMPoolD0Ev
FNDA:0,_ZN11CEDROOMPoolD0Ev
FN:115,_ZN11CEDROOMPoolD2Ev
FNDA:0,_ZN11CEDROOMPoolD2Ev
FN:236,_ZN17CEDROOMMemoryPoolD0Ev
FNDA:0,_ZN17CEDROOMMemoryPoolD0Ev
FN:236,_ZN17CEDROOMMemoryPoolD2Ev
FNDA:0,_ZN17CEDROOMMemoryPoolD2Ev
FN:314,_ZN26CEDROOMProtectedMemoryPoolD0Ev
FNDA:0,_ZN26CEDROOMProtectedMemoryPoolD0Ev
FN:314,_ZN26CEDROOMProtectedMemoryPoolD2Ev
FNDA:0,_ZN26CEDROOMProtectedMemoryPoolD2Ev
DA:115,0
DA:115,0
DA:236,0
DA:236,0
DA:314,0
DA:314,0
end_of_record
SF:/home/atcsol/git/Obdh_Proyectofinal/uah_photsat_freertos/service_libraries/edroomsl/edroombp/include/public/edroombp.h
FN:192,_ZN12Pr_SemaphoreD2Ev
FNDA:0,_ZN12Pr_SemaphoreD2Ev
FN:261,_ZN15Pr_SemaphoreBinD2Ev
FNDA:0,_ZN15Pr_SemaphoreBinD2Ev
FN:337,_ZN15Pr_SemaphoreRecD2Ev
FNDA:0,_ZN15Pr_SemaphoreRecD2Ev
FN:533,_ZN7Pr_TaskD2Ev
FNDA:0,_ZN7Pr_TaskD2Ev
DA:192,0
DA:193,0
DA:194,0
DA:195,0
DA:261,0
DA:262,0
DA:264,0
DA:337,0
DA:533,0
DA:534,0
DA:536,0
end_of_record
SF:/home/atcsol/git/Obdh_Proyectofinal/uah_photsat_freertos/asw/components/cctcmanager/src/CCTCManagerS.cpp
FN:25,_ZN11CCTCManager33EDROOMIRQ18HandlerTopHalfFunctionEv
FNDA:0,_ZN11CCTCManager33EDROOMIRQ18HandlerTopHalfFunctionEv
FN:47,_ZN11CCTCManager18EDROOMIRQ18HandlerEv
FNDA:0,_ZN11CCTCManager18EDROOMIRQ18HandlerEv
FN:57,_ZN11CCTCManager22EDROOMIRQ18IdleHandlerEv
FNDA:0,_ZN11CCTCManager22EDROOMIRQ18IdleHandlerEv
FN:65,_ZN11CCTCManager25EDROOMIRQ18BottomHalfTaskEv
FNDA:1,_ZN11CCTCManager25EDROOMIRQ18BottomHalfTaskEv
FN:126,_ZN11CCTCManagerC2Ejj15TEDROOMPriorityjPNS_13CEDROOMMemoryE
FNDA:1,_ZN11CCTCManagerC2Ejj15TEDROOMPriorityjPNS_13CEDROOMMemoryE
FN:158,_ZN11CCTCManager12EDROOMConfigEv
FNDA:0,_ZN11CCTCManager12EDROOMConfigEv
FN:169,_ZN11CCTCManager11EDROOMStartEv
FNDA:1,_ZN11CCTCManager11EDROOMStartEv
FN:190,_ZN11CCTCManager15EDROOMBehaviourEv
FNDA:1,_ZN11CCTCManager15EDROOMBehaviourEv
FN:223,_ZN11CCTCManager13CEDROOMMemory9SetMemoryEjP14CEDROOMMessagePbjPN12CEDROOMQueue10CQueueNodeES3_
FNDA:1,_ZN11CCTCManager13CEDROOMMemory9SetMemoryEjP14CEDROOMMessagePbjPN12CEDROOMQueue10CQueueNodeES3_
DA:25,0
DA:27,0
DA:38,0
DA:39,0
DA:41,0
DA:47,0
DA:49,0
DA:51,0
DA:57,0
DA:59,0
DA:65,1
DA:67,1
DA:69,9
DA:72,10
DA:74,9
DA:76,9
DA:80,9
DA:84,9
DA:88,9
DA:90,9
DA:93,9
DA:95,9
DA:97,9
DA:100,9
DA:102,0
DA:104,9
DA:106,0
DA:126,1
DA:130,1
DA:141,1
DA:147,1
DA:158,0
DA:162,0
DA:169,1
DA:175,1
DA:177,1
DA:190,1
DA:193,1
DA:194,1
DA:199,0
DA:200,0
DA:223,1
DA:231,1
DA:232,1
DA:235,1
end_of_record
SF:/home/atcsol/git/Obdh_Proyectofinal/uah_photsat_freertos/asw/components/cctcmanager/include/public/cctcmanager_iface_v1.h
FN:141,_ZN11CCTCManager33CEDROOMPOOLIRQ18CDTCMemDescriptorC2Ev
FNDA:1,_ZN11CCTCManager33CEDROOMPOOLIRQ18CDTCMemDescriptorC2Ev
FN:143,_ZN11CCTCManager33CEDROOMPOOLIRQ18CDTCMemDescriptor9AllocDataEv
FNDA:9,_ZN11CCTCManager33CEDROOMPOOLIRQ18CDTCMemDescriptor9AllocDataEv
DA:141,1
DA:143,9
end_of_record
TN:
SF:/home/atcsol/git/Obdh_Proyectofinal/uah_photsat_freertos/service_libraries/edroomsl/edroomsl/include/edroomsl/edroomsl.h
FN:115,_ZN11CEDROOMPoolD0Ev
FNDA:0,_ZN11CEDROOMPoolD0Ev
FN:115,_ZN11CEDROOMPoolD2Ev
FNDA:0,_ZN11CEDROOMPoolD2Ev
FN:236,_ZN17CEDROOMMemoryPoolD0Ev
FNDA:0,_ZN17CEDROOMMemoryPoolD0Ev
FN:236,_ZN17CEDROOMMemoryPoolD2Ev
FNDA:0,_ZN17CEDROOMMemoryPoolD2Ev
FN:726,_ZN19CEDROOMMessagesPoolD0Ev
FNDA:0,_ZN19CEDROOMMessagesPoolD0Ev
FN:726,_ZN19CEDROOMMessagesPoolD2Ev
FNDA:5,_ZN19CEDROOMMessagesPoolD2Ev
FN:761,_ZN26CEDROOMTimeOutMessagesPoolD0Ev
FNDA:0,_ZN26CEDROOMTimeOutMessagesPoolD0Ev
FN:761,_ZN26CEDROOMTimeOutMessagesPoolD2Ev
FNDA:3,_ZN26CEDROOMTimeOutMessagesPoolD2Ev
FN:1812,_ZN16CEDROOMTXChannelD0Ev
FNDA:0,_ZN16CEDROOMTXChannelD0Ev
FN:1812,_ZN16CEDROOMTXChannelD2Ev
FNDA:0,_ZN16CEDROOMTXChannelD2Ev
FN:1883,_ZN21CEDROOMLocalTXChannelD0Ev
FNDA:0,_ZN21CEDROOMLocalTXChannelD0Ev
FN:1883,_ZN21CEDROOMLocalTXChannelD2Ev
FNDA:0,_ZN21CEDROOMLocalTXChannelD2Ev
DA:115,0
DA:115,0
DA:236,0
DA:236,0
DA:726,0
DA:726,5
DA:761,0
DA:761,3
DA:1812,0
DA:1812,0
DA:1883,0
DA:1883,0
end_of_record
SF:/home/atcsol/git/Obdh_Proyectofinal/uah_photsat_freertos/asw/components/ccobsmng/include/public/ccobsmng_iface_v1.h
end_of_record
SF:/home/atcsol/git/Obdh_Proyectofinal/uah_photsat_freertos/asw/dataclasses/CDEvAction/include/public/cdevaction.h
FN:35,_ZN10CDEvActionC2Ev
FNDA:5,_ZN10CDEvActionC2Ev
DA:35,5
DA:36,5
DA:37,5
DA:38,5
end_of_record
SF:/home/atcsol/git/Obdh_Proyectofinal/uah_photsat_freertos/asw/components/cctcmanager/include/public/cctcmanager_iface_v1.h
end_of_record
SF:/home/atcsol/git/Obdh_Proyectofinal/uah_photsat_freertos/asw/edroom_glue/include/edroom_glue/edroomdeployment.h
end_of_record
SF:/home/atcsol/git/Obdh_Proyectofinal/uah_photsat_freertos/asw/components/uahphotsat/include/public/uahphotsat_iface_v1.h
end_of_record
SF:/home/atcsol/git/Obdh_Proyectofinal/uah_photsat_freertos/service_libraries/edroomsl/edroombp/include/public/edroombp.h
FN:122,_ZN9Pr_KernelD2Ev
FNDA:1,_ZN9Pr_KernelD2Ev
FN:192,_ZN12Pr_SemaphoreD2Ev
FNDA:0,_ZN12Pr_SemaphoreD2Ev
FN:261,_ZN15Pr_SemaphoreBinD2Ev
FNDA:0,_ZN15Pr_SemaphoreBinD2Ev
FN:533,_ZN7Pr_TaskD2Ev
FNDA:0,_ZN7Pr_TaskD2Ev
DA:122,1
DA:192,0
DA:193,0
DA:194,0
DA:195,0
DA:261,0
DA:262,0
DA:264,0
DA:533,0
DA:534,0
DA:536,0
end_of_record
SF:/home/atcsol/git/Obdh_Proyectofinal/uah_photsat_freertos/asw/components/ccbkgtcexec/include/public/ccbkgtcexec_iface_v1.h
end_of_record
SF:/home/atcsol/git/Obdh_Proyectofinal/uah_photsat_freertos/asw/components/cchk_fdirmng/include/public/cchk_fdirmng_iface_v1.h
end_of_record
SF:/home/atcsol/git/Obdh_Proyectofinal/uah_photsat_freertos/asw/edroom_glue/src/edroomdeployment.cpp
FN:11,_Z8MainWaitR10UAHPhotSatR11CCBKGTCExecR12CCHK_FDIRMngR11CCTCManagerR8CCObsMng
FNDA:1,_Z8MainWaitR10UAHPhotSatR11CCBKGTCExecR12CCHK_FDIRMngR11CCTCManagerR8CCObsMng
FN:36,_ZN19CEDROOMSystemMemory9SetMemoryEv
FNDA:1,_ZN19CEDROOMSystemMemory9SetMemoryEv
FN:53,_ZN20CEDROOMSystemCommSAP13SetComponentsEP10UAHPhotSatP11CCBKGTCExecP12CCHK_FDIRMngP11CCTCManagerP8CCObsMng
FNDA:1,_ZN20CEDROOMSystemCommSAP13SetComponentsEP10UAHPhotSatP11CCBKGTCExecP12CCHK_FDIRMngP11CCTCManagerP8CCObsMng
FN:73,_ZN20CEDROOMSystemCommSAP47C4TCManager_PObs_Mng_Ctrl__C5ObsMng_PObsMngCtrlEi
FNDA:3,_ZN20CEDROOMSystemCommSAP47C4TCManager_PObs_Mng_Ctrl__C5ObsMng_PObsMngCtrlEi
FN:88,_ZN20CEDROOMSystemCommSAP47C5ObsMng_PObsMngCtrl__C4TCManager_PObs_Mng_CtrlEi
FNDA:0,_ZN20CEDROOMSystemCommSAP47C5ObsMng_PObsMngCtrl__C4TCManager_PObs_Mng_CtrlEi
FN:101,_ZN20CEDROOMSystemCommSAP50C4TCManager_PBKGExecCtrl__C2BKGTCExec_PBKGExecCtrlEi
FNDA:0,_ZN20CEDROOMSystemCommSAP50C4TCManager_PBKGExecCtrl__C2BKGTCExec_PBKGExecCtrlEi
FN:116,_ZN20CEDROOMSystemCommSAP50C2BKGTCExec_PBKGExecCtrl__C4TCManager_PBKGExecCtrlEi
FNDA:0,_ZN20CEDROOMSystemCommSAP50C2BKGTCExec_PBKGExecCtrl__C4TCManager_PBKGExecCtrlEi
FN:129,_ZN20CEDROOMSystemCommSAP51C4TCManager_PHK_FDIRCtrl__C3HK_FDIRMng_PHK_FDIRCtrlEi
FNDA:6,_ZN20CEDROOMSystemCommSAP51C4TCManager_PHK_FDIRCtrl__C3HK_FDIRMng_PHK_FDIRCtrlEi
FN:144,_ZN20CEDROOMSystemCommSAP51C3HK_FDIRMng_PHK_FDIRCtrl__C4TCManager_PHK_FDIRCtrlEi
FNDA:1,_ZN20CEDROOMSystemCommSAP51C3HK_FDIRMng_PHK_FDIRCtrl__C4TCManager_PHK_FDIRCtrlEi
FN:164,_ZN20CEDROOMSystemCommSAP18RegisterInterfacesEv
FNDA:1,_ZN20CEDROOMSystemCommSAP18RegisterInterfacesEv
FN:193,_ZN20CEDROOMSystemCommSAP19SetLocalConnectionsEv
FNDA:1,_ZN20CEDROOMSystemCommSAP19SetLocalConnectionsEv
FN:213,_ZN20CEDROOMSystemCommSAP20SetRemoteConnectionsEv
FNDA:1,_ZN20CEDROOMSystemCommSAP20SetRemoteConnectionsEv
FN:220,_ZN20CEDROOMSystemCommSAP14SetConnectionsEv
FNDA:1,_ZN20CEDROOMSystemCommSAP14SetConnectionsEv
FN:230,_ZN23CEDROOMSystemDeploymentC2Ev
FNDA:1,_ZN23CEDROOMSystemDeploymentC2Ev
FN:241,_ZN23CEDROOMSystemDeployment6ConfigEP10UAHPhotSatP11CCBKGTCExecP12CCHK_FDIRMngP11CCTCManagerP8CCObsMng
FNDA:1,_ZN23CEDROOMSystemDeployment6ConfigEP10UAHPhotSatP11CCBKGTCExecP12CCHK_FDIRMngP11CCTCManagerP8CCObsMng
FN:267,_ZN23CEDROOMSystemDeployment15StartComponentsEv
FNDA:1,_ZN23CEDROOMSystemDeployment15StartComponentsEv
FN:279,_ZN23CEDROOMSystemDeployment5StartEv
FNDA:1,_ZN23CEDROOMSystemDeployment5StartEv
FN:313,_ZN23CEDROOMSystemDeployment9main_taskEv
FNDA:1,_ZN23CEDROOMSystemDeployment9main_taskEv
DA:11,1
DA:17,1
DA:30,9
DA:36,1
DA:38,1
DA:39,1
DA:40,1
DA:41,1
DA:42,1
DA:43,1
DA:44,1
DA:45,1
DA:46,1
DA:47,1
DA:48,1
DA:53,1
DA:58,1
DA:59,1
DA:60,1
DA:61,1
DA:62,1
DA:63,1
DA:73,3
DA:77,3
DA:79,3
DA:81,0
DA:84,3
DA:88,0
DA:94,0
DA:97,0
DA:101,0
DA:105,0
DA:107,0
DA:109,0
DA:112,0
DA:116,0
DA:122,0
DA:125,0
DA:129,6
DA:133,6
DA:135,6
DA:137,0
DA:140,6
DA:144,1
DA:148,1
DA:150,1
DA:152,0
DA:155,1
DA:164,1
DA:167,1
DA:170,1
DA:173,1
DA:174,1
DA:177,1
DA:178,1
DA:179,1
DA:180,1
DA:183,1
DA:184,1
DA:185,1
DA:187,1
DA:193,1
DA:195,1
DA:199,1
DA:203,1
DA:207,1
DA:213,1
DA:215,1
DA:220,1
DA:222,1
DA:223,1
DA:225,1
DA:230,1
DA:234,1
DA:236,1
DA:241,1
DA:247,1
DA:248,1
DA:249,1
DA:250,1
DA:251,1
DA:253,1
DA:259,1
DA:260,1
DA:262,1
DA:267,1
DA:268,1
DA:269,1
DA:270,1
DA:271,1
DA:272,1
DA:274,1
DA:279,1
DA:283,1
DA:285,1
DA:302,0
DA:313,1
DA:315,1
DA:316,1
DA:317,1
DA:318,1
DA:319,1
DA:320,1
DA:322,0
end_of_record
TN:
SF:/home/atcsol/git/Obdh_Proyectofinal/uah_photsat_freertos/asw/dataclasses/CDTCHandler/src/cdtchandler.cpp
FN:16,_ZN11CDTCHandlerC2Ev
FNDA:17,_ZN11CDTCHandlerC2Ev
FN:23,_ZN11CDTCHandler19BuildFromDescriptorER17CDTCMemDescriptor
FNDA:9,_ZN11CDTCHandler19BuildFromDescriptorER17CDTCMemDescriptor
FN:29,_ZN11CDTCHandler13DoAcceptationEv
FNDA:9,_ZN11CDTCHandler13DoAcceptationEv
FN:37,_ZN11CDTCHandler14MngTCRejectionER16CDTCAcceptReport
FNDA:0,_ZN11CDTCHandler14MngTCRejectionER16CDTCAcceptReport
FN:45,_ZN11CDTCHandler16MngTCAcceptationEv
FNDA:9,_ZN11CDTCHandler16MngTCAcceptationEv
FN:51,_ZN11CDTCHandler11GetExecCtrlEv
FNDA:10,_ZN11CDTCHandler11GetExecCtrlEv
FN:98,_ZN11CDTCHandler6ExecTCEv
FNDA:10,_ZN11CDTCHandler6ExecTCEv
DA:16,17
DA:18,17
DA:19,17
DA:21,17
DA:23,9
DA:25,9
DA:27,9
DA:29,9
DA:31,9
DA:32,9
DA:34,9
DA:37,0
DA:39,0
DA:41,0
DA:42,0
DA:45,9
DA:47,9
DA:49,9
DA:51,10
DA:54,10
DA:57,10
DA:59,1
DA:61,1
DA:62,1
DA:64,3
DA:66,3
DA:67,3
DA:69,0
DA:72,0
DA:73,0
DA:75,6
DA:80,6
DA:81,6
DA:83,0
DA:85,0
DA:87,0
DA:88,0
DA:90,0
DA:91,0
DA:95,10
DA:98,10
DA:101,10
DA:103,10
DA:106,10
DA:108,10
DA:109,0
DA:110,0
DA:111,0
DA:112,0
DA:113,0
DA:114,0
DA:115,0
DA:116,0
DA:117,0
DA:118,0
DA:119,0
DA:120,0
DA:121,0
DA:122,0
DA:123,0
DA:125,0
DA:126,0
DA:127,0
DA:129,0
DA:130,0
DA:131,0
DA:132,4
DA:133,4
DA:134,4
DA:135,2
DA:136,2
DA:137,2
DA:138,0
DA:139,0
DA:141,0
DA:142,1
DA:143,1
DA:144,1
DA:145,3
DA:146,3
DA:147,3
DA:148,0
DA:150,0
DA:154,10
DA:157,10
end_of_record
SF:/home/atcsol/git/Obdh_Proyectofinal/uah_photsat_freertos/asw/dataclasses/CDTCAcceptReport/include/public/cdtcacceptreport.h
FN:16,_ZN16CDTCAcceptReportC2Ev
FNDA:10,_ZN16CDTCAcceptReportC2Ev
DA:16,10
DA:17,10
DA:18,10
end_of_record
TN:
SF:/home/atcsol/git/Obdh_Proyectofinal/uah_photsat_freertos/asw/dataclasses/CDTCMemDescriptor/src/cdtcmemdescriptor.cpp
FN:12,_ZN17CDTCMemDescriptor9HandleIRQEv
FNDA:0,_ZN17CDTCMemDescriptor9HandleIRQEv
DA:12,0
DA:14,0
end_of_record
TN:
SF:/home/atcsol/git/Obdh_Proyectofinal/uah_photsat_freertos/asw/dataclasses/CDEvAction/src/cdevaction.cpp
FN:11,_ZN10CDEvAction24ExtractEvActionFromQueueEv
FNDA:1,_ZN10CDEvAction24ExtractEvActionFromQueueEv
DA:11,1
DA:13,1
DA:15,1
DA:17,1
DA:21,1
end_of_record
TN:
SF:/home/atcsol/git/Obdh_Proyectofinal/uah_photsat_freertos/uahphotsat_mmesp_project.cpp
FN:25,main
FNDA:1,main
DA:25,1
DA:36,1
DA:37,1
DA:38,1
DA:39,1
DA:40,1
DA:42,1
DA:44,1
DA:46,0
end_of_record
SF:/home/atcsol/git/Obdh_Proyectofinal/uah_photsat_freertos/asw/components/ccobsmng/include/public/ccobsmng_iface_v1.h
end_of_record
SF:/home/atcsol/git/Obdh_Proyectofinal/uah_photsat_freertos/service_libraries/edroomsl/edroomsl/include/edroomsl/edroomsl.h
FN:115,_ZN11CEDROOMPoolD0Ev
FNDA:0,_ZN11CEDROOMPoolD0Ev
FN:115,_ZN11CEDROOMPoolD2Ev
FNDA:0,_ZN11CEDROOMPoolD2Ev
FN:236,_ZN17CEDROOMMemoryPoolD0Ev
FNDA:0,_ZN17CEDROOMMemoryPoolD0Ev
FN:236,_ZN17CEDROOMMemoryPoolD2Ev
FNDA:0,_ZN17CEDROOMMemoryPoolD2Ev
FN:314,_ZN26CEDROOMProtectedMemoryPoolD0Ev
FNDA:0,_ZN26CEDROOMProtectedMemoryPoolD0Ev
FN:314,_ZN26CEDROOMProtectedMemoryPoolD2Ev
FNDA:0,_ZN26CEDROOMProtectedMemoryPoolD2Ev
FN:726,_ZN19CEDROOMMessagesPoolD0Ev
FNDA:0,_ZN19CEDROOMMessagesPoolD0Ev
FN:726,_ZN19CEDROOMMessagesPoolD2Ev
FNDA:0,_ZN19CEDROOMMessagesPoolD2Ev
FN:761,_ZN26CEDROOMTimeOutMessagesPoolD0Ev
FNDA:0,_ZN26CEDROOMTimeOutMessagesPoolD0Ev
FN:761,_ZN26CEDROOMTimeOutMessagesPoolD2Ev
FNDA:0,_ZN26CEDROOMTimeOutMessagesPoolD2Ev
FN:1812,_ZN16CEDROOMTXChannelD0Ev
FNDA:0,_ZN16CEDROOMTXChannelD0Ev
FN:1812,_ZN16CEDROOMTXChannelD2Ev
FNDA:0,_ZN16CEDROOMTXChannelD2Ev
FN:1883,_ZN21CEDROOMLocalTXChannelD0Ev
FNDA:0,_ZN21CEDROOMLocalTXChannelD0Ev
FN:1883,_ZN21CEDROOMLocalTXChannelD2Ev
FNDA:0,_ZN21CEDROOMLocalTXChannelD2Ev
DA:115,0
DA:115,0
DA:236,0
DA:236,0
DA:314,0
DA:314,0
DA:726,0
DA:726,0
DA:761,0
DA:761,0
DA:1812,0
DA:1812,0
DA:1883,0
DA:1883,0
end_of_record
SF:/home/atcsol/git/Obdh_Proyectofinal/uah_photsat_freertos/asw/components/cchk_fdirmng/include/public/cchk_fdirmng_iface_v1.h
end_of_record
SF:/home/atcsol/git/Obdh_Proyectofinal/uah_photsat_freertos/service_libraries/edroomsl/edroombp/include/public/edroombp.h
FN:122,_ZN9Pr_KernelD2Ev
FNDA:0,_ZN9Pr_KernelD2Ev
FN:192,_ZN12Pr_SemaphoreD2Ev
FNDA:0,_ZN12Pr_SemaphoreD2Ev
FN:261,_ZN15Pr_SemaphoreBinD2Ev
FNDA:0,_ZN15Pr_SemaphoreBinD2Ev
FN:337,_ZN15Pr_SemaphoreRecD2Ev
FNDA:0,_ZN15Pr_SemaphoreRecD2Ev
FN:533,_ZN7Pr_TaskD2Ev
FNDA:0,_ZN7Pr_TaskD2Ev
DA:122,0
DA:192,0
DA:193,0
DA:194,0
DA:195,0
DA:261,0
DA:262,0
DA:264,0
DA:337,0
DA:533,0
DA:534,0
DA:536,0
end_of_record
SF:/home/atcsol/git/Obdh_Proyectofinal/uah_photsat_freertos/asw/components/ccbkgtcexec/include/public/ccbkgtcexec_iface_v1.h
end_of_record
SF:/home/atcsol/git/Obdh_Proyectofinal/uah_photsat_freertos/asw/components/cctcmanager/include/public/cctcmanager_iface_v1.h
end_of_record
SF:/home/atcsol/git/Obdh_Proyectofinal/uah_photsat_freertos/asw/edroom_glue/include/edroom_glue/edroomdeployment.h
FN:164,_ZN23CEDROOMSystemDeployment14GetComp1MemoryEv
FNDA:1,_ZN23CEDROOMSystemDeployment14GetComp1MemoryEv
FN:165,_ZN23CEDROOMSystemDeployment14GetComp2MemoryEv
FNDA:1,_ZN23CEDROOMSystemDeployment14GetComp2MemoryEv
FN:166,_ZN23CEDROOMSystemDeployment14GetComp3MemoryEv
FNDA:1,_ZN23CEDROOMSystemDeployment14GetComp3MemoryEv
FN:167,_ZN23CEDROOMSystemDeployment14GetComp4MemoryEv
FNDA:1,_ZN23CEDROOMSystemDeployment14GetComp4MemoryEv
FN:168,_ZN23CEDROOMSystemDeployment14GetComp5MemoryEv
FNDA:1,_ZN23CEDROOMSystemDeployment14GetComp5MemoryEv
DA:164,1
DA:165,1
DA:166,1
DA:167,1
DA:168,1
end_of_record
SF:/home/atcsol/git/Obdh_Proyectofinal/uah_photsat_freertos/asw/components/uahphotsat/include/public/uahphotsat_iface_v1.h
end_of_record
TN:
SF:/home/atcsol/git/Obdh_Proyectofinal/uah_photsat_freertos/llsw/freertos_osswr/Source/list.c
FN:49,vListInitialise
FNDA:145,vListInitialise
FN:89,vListInitialiseItem
FNDA:24,vListInitialiseItem
FN:105,vListInsertEnd
FNDA:0,vListInsertEnd
FN:139,vListInsert
FNDA:12774,vListInsert
FN:215,uxListRemove
FNDA:15342,uxListRemove
DA:49,145
DA:56,145
DA:62,145
DA:66,145
DA:67,145
DA:78,145
DA:86,145
DA:89,24
DA:94,24
DA:102,24
DA:105,0
DA:108,0
DA:121,0
DA:122,0
DA:127,0
DA:128,0
DA:131,0
DA:133,0
DA:136,0
DA:139,12774
DA:143,12774
DA:161,12774
DA:163,0
DA:192,12901
DA:199,12774
DA:200,12774
DA:201,12774
DA:202,12774
DA:206,12774
DA:208,12774
DA:211,12774
DA:215,15342
DA:219,15342
DA:223,15342
DA:224,15342
DA:230,15342
DA:232,12786
DA:239,15342
DA:240,15342
DA:244,15342
end_of_record
TN:
SF:/home/atcsol/git/Obdh_Proyectofinal/uah_photsat_freertos/llsw/freertos_osswr/Source/event_groups.c
FN:139,xEventGroupCreate
FNDA:0,xEventGroupCreate
FN:179,xEventGroupSync
FNDA:0,xEventGroupSync
FN:306,xEventGroupWaitBits
FNDA:0,xEventGroupWaitBits
FN:466,xEventGroupClearBits
FNDA:0,xEventGroupClearBits
FN:518,xEventGroupGetBitsFromISR
FNDA:0,xEventGroupGetBitsFromISR
FN:538,xEventGroupSetBits
FNDA:0,xEventGroupSetBits
FN:638,vEventGroupDelete
FNDA:0,vEventGroupDelete
FN:736,vEventGroupSetBitsCallback
FNDA:0,vEventGroupSetBitsCallback
FN:752,vEventGroupClearBitsCallback
FNDA:0,vEventGroupClearBitsCallback
FN:766,prvTestWaitCondition
FNDA:0,prvTestWaitCondition
DA:139,0
DA:148,0
DA:150,0
DA:152,0
DA:153,0
DA:173,0
DA:179,0
DA:185,0
DA:187,0
DA:191,0
DA:192,0
DA:195,0
DA:199,0
DA:201,0
DA:203,0
DA:205,0
DA:208,0
DA:212,0
DA:214,0
DA:218,0
DA:225,0
DA:231,0
DA:237,0
DA:238,0
DA:242,0
DA:244,0
DA:246,0
DA:248,0
DA:259,0
DA:261,0
DA:264,0
DA:266,0
DA:272,0
DA:274,0
DA:281,0
DA:283,0
DA:292,0
DA:302,0
DA:306,0
DA:312,0
DA:313,0
DA:315,0
DA:321,0
DA:322,0
DA:323,0
DA:326,0
DA:330,0
DA:332,0
DA:335,0
DA:337,0
DA:341,0
DA:342,0
DA:345,0
DA:347,0
DA:354,0
DA:358,0
DA:359,0
DA:367,0
DA:369,0
DA:376,0
DA:378,0
DA:388,0
DA:393,0
DA:398,0
DA:400,0
DA:402,0
DA:404,0
DA:415,0
DA:417,0
DA:419,0
DA:422,0
DA:426,0
DA:428,0
DA:430,0
DA:442,0
DA:444,0
DA:452,0
DA:462,0
DA:466,0
DA:469,0
DA:476,0
DA:477,0
DA:479,0
DA:485,0
DA:488,0
DA:490,0
DA:494,0
DA:518,0
DA:521,0
DA:526,0
DA:528,0
DA:530,0
DA:534,0
DA:538,0
DA:545,0
DA:546,0
DA:547,0
DA:553,0
DA:554,0
DA:556,0
DA:557,0
DA:558,0
DA:562,0
DA:565,0
DA:568,0
DA:570,0
DA:571,0
DA:572,0
DA:575,0
DA:576,0
DA:578,0
DA:581,0
DA:583,0
DA:590,0
DA:593,0
DA:600,0
DA:603,0
DA:605,0
DA:617,0
DA:623,0
DA:628,0
DA:630,0
DA:634,0
DA:638,0
DA:640,0
DA:645,0
DA:647,0
DA:649,0
DA:653,0
DA:657,0
DA:658,0
DA:661,0
DA:667,0
DA:685,0
DA:736,0
DA:744,0
DA:747,0
DA:752,0
DA:760,0
DA:763,0
DA:766,0
DA:770,0
DA:772,0
DA:776,0
DA:778,0
DA:789,0
DA:791,0
DA:799,0
end_of_record
TN:
SF:/home/atcsol/git/Obdh_Proyectofinal/uah_photsat_freertos/llsw/freertos_osswr/Source/queue.c
FN:303,xQueueGenericReset
FNDA:59,xQueueGenericReset
FN:502,xQueueGenericCreate
FNDA:59,xQueueGenericCreate
FN:566,prvInitialiseNewQueue
FNDA:59,prvInitialiseNewQueue
FN:614,prvInitialiseMutex
FNDA:15,prvInitialiseMutex
FN:644,xQueueCreateMutex
FNDA:15,xQueueCreateMutex
FN:689,xQueueGetMutexHolder
FNDA:0,xQueueGetMutexHolder
FN:726,xQueueGetMutexHolderFromISR
FNDA:0,xQueueGetMutexHolderFromISR
FN:756,xQueueGiveMutexRecursive
FNDA:0,xQueueGiveMutexRecursive
FN:815,xQueueTakeMutexRecursive
FNDA:0,xQueueTakeMutexRecursive
FN:902,xQueueCreateCountingSemaphore
FNDA:42,xQueueCreateCountingSemaphore
FN:939,xQueueGenericSend
FNDA:36164,xQueueGenericSend
FN:1157,xQueueGenericSendFromISR
FNDA:0,xQueueGenericSendFromISR
FN:1326,xQueueGiveFromISR
FNDA:0,xQueueGiveFromISR
FN:1496,xQueueReceive
FNDA:0,xQueueReceive
FN:1646,xQueueSemaphoreTake
FNDA:41254,xQueueSemaphoreTake
FN:1871,xQueuePeek
FNDA:0,xQueuePeek
FN:2029,xQueueReceiveFromISR
FNDA:0,xQueueReceiveFromISR
FN:2126,xQueuePeekFromISR
FNDA:0,xQueuePeekFromISR
FN:2185,uxQueueMessagesWaiting
FNDA:0,uxQueueMessagesWaiting
FN:2205,uxQueueSpacesAvailable
FNDA:0,uxQueueSpacesAvailable
FN:2226,uxQueueMessagesWaitingFromISR
FNDA:0,uxQueueMessagesWaitingFromISR
FN:2242,vQueueDelete
FNDA:6,vQueueDelete
FN:2331,uxQueueGetQueueItemSize
FNDA:0,uxQueueGetQueueItemSize
FN:2341,uxQueueGetQueueLength
FNDA:0,uxQueueGetQueueLength
FN:2353,prvGetDisinheritPriorityAfterTimeout
FNDA:0,prvGetDisinheritPriorityAfterTimeout
FN:2378,prvCopyDataToQueue
FNDA:36164,prvCopyDataToQueue
FN:2461,prvCopyDataFromQueue
FNDA:0,prvCopyDataFromQueue
FN:2482,prvUnlockQueue
FNDA:12763,prvUnlockQueue
FN:2602,prvIsQueueEmpty
FNDA:12762,prvIsQueueEmpty
FN:2623,xQueueIsQueueEmptyFromISR
FNDA:0,xQueueIsQueueEmptyFromISR
FN:2647,prvIsQueueFull
FNDA:0,prvIsQueueFull
FN:2668,xQueueIsQueueFullFromISR
FNDA:0,xQueueIsQueueFullFromISR
FN:2997,vQueueAddToRegistry
FNDA:1,vQueueAddToRegistry
FN:3048,pcQueueGetName
FNDA:0,pcQueueGetName
FN:3083,vQueueUnregisterQueue
FNDA:6,vQueueUnregisterQueue
FN:3120,vQueueWaitForMessageRestricted
FNDA:1,vQueueWaitForMessageRestricted
FN:3164,xQueueCreateSet
FNDA:0,xQueueCreateSet
FN:3182,xQueueAddToSet
FNDA:0,xQueueAddToSet
FN:3220,xQueueRemoveFromSet
FNDA:0,xQueueRemoveFromSet
FN:3261,xQueueSelectFromSet
FNDA:0,xQueueSelectFromSet
FN:3280,xQueueSelectFromSetFromISR
FNDA:0,xQueueSelectFromSetFromISR
FN:3298,prvNotifyQueueSetContainer
FNDA:0,prvNotifyQueueSetContainer
DA:303,59
DA:306,59
DA:307,59
DA:311,59
DA:313,59
DA:314,59
DA:316,59
DA:318,59
DA:320,59
DA:321,59
DA:322,59
DA:323,59
DA:324,59
DA:325,59
DA:327,59
DA:334,0
DA:336,0
DA:338,0
DA:353,59
DA:354,59
DA:357,59
DA:361,0
DA:364,59
DA:370,59
DA:502,59
DA:506,59
DA:512,59
DA:514,59
DA:516,59
DA:521,59
DA:526,59
DA:528,59
DA:532,59
DA:533,59
DA:544,59
DA:554,0
DA:560,59
DA:566,59
DA:576,59
DA:582,58
DA:587,1
DA:592,59
DA:593,59
DA:594,59
DA:604,59
DA:609,59
DA:614,15
DA:616,15
DA:622,15
DA:623,15
DA:626,15
DA:631,15
DA:637,15
DA:644,15
DA:647,15
DA:651,15
DA:652,15
DA:656,15
DA:689,0
DA:692,0
DA:696,0
DA:703,0
DA:705,0
DA:707,0
DA:711,0
DA:714,0
DA:718,0
DA:726,0
DA:732,0
DA:737,0
DA:739,0
DA:743,0
DA:748,0
DA:756,0
DA:759,0
DA:763,0
DA:771,0
DA:780,0
DA:783,0
DA:787,0
DA:794,0
DA:800,0
DA:807,0
DA:815,0
DA:819,0
DA:823,0
DA:830,0
DA:832,0
DA:833,0
DA:837,0
DA:842,0
DA:844,0
DA:854,0
DA:902,42
DA:905,42
DA:909,42
DA:912,42
DA:914,42
DA:916,42
DA:927,0
DA:933,42
DA:939,36164
DA:944,36164
DA:946,36164
DA:950,36164
DA:951,36164
DA:952,36164
DA:955,36164
DA:961,36164
DA:967,36164
DA:973,36164
DA:975,36164
DA:977,36164
DA:979,0
DA:986,0
DA:991,0
DA:1002,36164
DA:1004,7681
DA:1010,17
DA:1017,28483
DA:1023,0
DA:1067,36163
DA:1071,36163
DA:1075,0
DA:1079,0
DA:1086,0
DA:1088,0
DA:1092,0
DA:1093,0
DA:1102,0
DA:1107,0
DA:1108,0
DA:1111,0
DA:1113,0
DA:1116,0
DA:1123,0
DA:1130,0
DA:1132,0
DA:1138,0
DA:1139,0
DA:1145,0
DA:1146,0
DA:1151,0
DA:1157,0
DA:1164,0
DA:1168,0
DA:1169,0
DA:1170,0
DA:1193,0
DA:1195,0
DA:1196,0
DA:1197,0
DA:1198,0
DA:1207,0
DA:1211,0
DA:1215,0
DA:1217,0
DA:1224,0
DA:1229,0
DA:1231,0
DA:1245,0
DA:1247,0
DA:1251,0
DA:1253,0
DA:1307,0
DA:1310,0
DA:1315,0
DA:1318,0
DA:1322,0
DA:1326,0
DA:1331,0
DA:1341,0
DA:1345,0
DA:1350,0
DA:1368,0
DA:1370,0
DA:1375,0
DA:1377,0
DA:1387,0
DA:1391,0
DA:1395,0
DA:1397,0
DA:1402,0
DA:1404,0
DA:1418,0
DA:1420,0
DA:1424,0
DA:1426,0
DA:1477,0
DA:1480,0
DA:1485,0
DA:1488,0
DA:1492,0
DA:1496,0
DA:1500,0
DA:1502,0
DA:1507,0
DA:1511,0
DA:1516,0
DA:1522,0
DA:1524,0
DA:1528,0
DA:1531,0
DA:1533,0
DA:1538,0
DA:1540,0
DA:1542,0
DA:1554,0
DA:1558,0
DA:1562,0
DA:1566,0
DA:1571,0
DA:1573,0
DA:1577,0
DA:1578,0
DA:1587,0
DA:1592,0
DA:1593,0
DA:1596,0
DA:1600,0
DA:1603,0
DA:1604,0
DA:1606,0
DA:1608,0
DA:1619,0
DA:1620,0
DA:1627,0
DA:1628,0
DA:1630,0
DA:1635,0
DA:1646,41254
DA:1649,41254
DA:1651,41254
DA:1654,41254
DA:1660,41254
DA:1664,41254
DA:1669,41254
DA:1675,51472
DA:1679,51472
DA:1683,51472
DA:1689,36149
DA:1693,36149
DA:1697,25905
DA:1708,36149
DA:1710,0
DA:1712,0
DA:1724,36149
DA:1728,36149
DA:1732,15323
DA:1736,2561
DA:1741,2561
DA:1743,12762
DA:1747,10225
DA:1748,10225
DA:1757,12762
DA:1762,12762
DA:1763,12762
DA:1766,12762
DA:1772,10225
DA:1778,10225
DA:1780,0
DA:1782,0
DA:1784,0
DA:1793,10225
DA:1794,10225
DA:1796,10225
DA:1798,10225
DA:1809,0
DA:1810,0
DA:1816,2537
DA:1817,2537
DA:1823,2537
DA:1830,2537
DA:1832,0
DA:1841,0
DA:1850,0
DA:1852,0
DA:1860,2537
DA:1871,0
DA:1875,0
DA:1878,0
DA:1883,0
DA:1887,0
DA:1892,0
DA:1898,0
DA:1900,0
DA:1904,0
DA:1909,0
DA:1911,0
DA:1915,0
DA:1919,0
DA:1921,0
DA:1924,0
DA:1936,0
DA:1940,0
DA:1944,0
DA:1948,0
DA:1953,0
DA:1955,0
DA:1960,0
DA:1961,0
DA:1970,0
DA:1975,0
DA:1976,0
DA:1979,0
DA:1983,0
DA:1986,0
DA:1987,0
DA:1989,0
DA:1991,0
DA:2002,0
DA:2003,0
DA:2010,0
DA:2011,0
DA:2013,0
DA:2018,0
DA:2029,0
DA:2035,0
DA:2039,0
DA:2040,0
DA:2058,0
DA:2060,0
DA:2063,0
DA:2065,0
DA:2069,0
DA:2070,0
DA:2076,0
DA:2078,0
DA:2080,0
DA:2084,0
DA:2086,0
DA:2107,0
DA:2110,0
DA:2114,0
DA:2118,0
DA:2122,0
DA:2126,0
DA:2132,0
DA:2136,0
DA:2137,0
DA:2138,0
DA:2156,0
DA:2159,0
DA:2165,0
DA:2166,0
DA:2167,0
DA:2169,0
DA:2173,0
DA:2177,0
DA:2181,0
DA:2185,0
DA:2191,0
DA:2193,0
DA:2195,0
DA:2197,0
DA:2201,0
DA:2205,0
DA:2208,0
DA:2212,0
DA:2214,0
DA:2216,0
DA:2218,0
DA:2222,0
DA:2226,0
DA:2229,0
DA:2233,0
DA:2234,0
DA:2238,0
DA:2242,6
DA:2244,6
DA:2248,6
DA:2253,6
DA:2261,6
DA:2285,6
DA:2331,0
DA:2337,0
DA:2341,0
DA:2347,0
DA:2353,0
DA:2363,0
DA:2365,0
DA:2369,0
DA:2372,0
DA:2378,36164
DA:2382,36164
DA:2387,36164
DA:2389,36164
DA:2393,36164
DA:2396,25920
DA:2397,25920
DA:2406,0
DA:2408,0
DA:2409,0
DA:2411,0
DA:2413,0
DA:2422,0
DA:2423,0
DA:2425,0
DA:2427,0
DA:2434,0
DA:2436,0
DA:2442,0
DA:2455,36164
DA:2457,36164
DA:2461,0
DA:2464,0
DA:2466,0
DA:2468,0
DA:2470,0
DA:2477,0
DA:2479,0
DA:2482,12763
DA:2490,12763
DA:2492,12763
DA:2495,12763
DA:2501,0
DA:2503,0
DA:2508,0
DA:2520,0
DA:2522,0
DA:2526,0
DA:2535,0
DA:2563,0
DA:2566,12763
DA:2568,12763
DA:2571,12763
DA:2573,12763
DA:2575,12763
DA:2577,0
DA:2579,0
DA:2581,0
DA:2588,0
DA:2592,0
DA:2596,12763
DA:2598,12763
DA:2599,12763
DA:2602,12762
DA:2606,12762
DA:2608,12762
DA:2610,12762
DA:2614,0
DA:2617,12762
DA:2619,12762
DA:2623,0
DA:2626,0
DA:2630,0
DA:2632,0
DA:2634,0
DA:2638,0
DA:2643,0
DA:2647,0
DA:2651,0
DA:2653,0
DA:2655,0
DA:2659,0
DA:2662,0
DA:2664,0
DA:2668,0
DA:2671,0
DA:2675,0
DA:2677,0
DA:2679,0
DA:2683,0
DA:2688,0
DA:2997,1
DA:3001,1
DA:3005,1
DA:3007,1
DA:3011,21
DA:3014,20
DA:3016,0
DA:3017,0
DA:3020,20
DA:3022,1
DA:3031,1
DA:3034,1
DA:3035,1
DA:3041,1
DA:3048,0
DA:3051,0
DA:3055,0
DA:3060,0
DA:3062,0
DA:3064,0
DA:3065,0
DA:3075,0
DA:3083,6
DA:3089,6
DA:3093,126
DA:3095,120
DA:3098,0
DA:3103,0
DA:3104,0
DA:3113,6
DA:3120,1
DA:3124,1
DA:3142,1
DA:3144,1
DA:3147,1
DA:3154,1
DA:3157,1
DA:3164,0
DA:3170,0
DA:3174,0
DA:3182,0
DA:3189,0
DA:3191,0
DA:3194,0
DA:3196,0
DA:3200,0
DA:3204,0
DA:3205,0
DA:3208,0
DA:3212,0
DA:3220,0
DA:3224,0
DA:3228,0
DA:3231,0
DA:3233,0
DA:3238,0
DA:3242,0
DA:3245,0
DA:3247,0
DA:3248,0
DA:3253,0
DA:3261,0
DA:3264,0
DA:3268,0
DA:3272,0
DA:3280,0
DA:3282,0
DA:3286,0
DA:3290,0
DA:3298,0
DA:3300,0
DA:3301,0
DA:3308,0
DA:3309,0
DA:3311,0
DA:3313,0
DA:3318,0
DA:3320,0
DA:3322,0
DA:3324,0
DA:3327,0
DA:3341,0
DA:3349,0
end_of_record
TN:
SF:/home/atcsol/git/Obdh_Proyectofinal/uah_photsat_freertos/llsw/freertos_osswr/Source/tasks.c
FN:1619,prvCreateTask
FNDA:12,prvCreateTask
FN:1717,xTaskCreate
FNDA:12,xTaskCreate
FN:1792,prvInitialiseNewTask
FNDA:12,prvInitialiseNewTask
FN:2018,prvAddNewTaskToReadyList
FNDA:12,prvAddNewTaskToReadyList
FN:2190,vTaskDelete
FNDA:0,vTaskDelete
FN:2342,xTaskDelayUntil
FNDA:0,xTaskDelayUntil
FN:2434,vTaskDelay
FNDA:9,vTaskDelay
FN:2484,eTaskGetState
FNDA:0,eTaskGetState
FN:2616,uxTaskPriorityGet
FNDA:0,uxTaskPriorityGet
FN:2642,uxTaskPriorityGetFromISR
FNDA:0,uxTaskPriorityGetFromISR
FN:2687,uxTaskBasePriorityGet
FNDA:0,uxTaskBasePriorityGet
FN:2713,uxTaskBasePriorityGetFromISR
FNDA:0,uxTaskBasePriorityGetFromISR
FN:2758,vTaskPrioritySet
FNDA:5107,vTaskPrioritySet
FN:3114,vTaskSuspend
FNDA:0,vTaskSuspend
FN:3276,prvTaskIsTaskSuspended
FNDA:0,prvTaskIsTaskSuspended
FN:3346,vTaskResume
FNDA:0,vTaskResume
FN:3407,xTaskResumeFromISR
FNDA:0,xTaskResumeFromISR
FN:3501,prvCreateIdleTasks
FNDA:1,prvCreateIdleTasks
FN:3655,vTaskStartScheduler
FNDA:1,vTaskStartScheduler
FN:3758,vTaskEndScheduler
FNDA:0,vTaskEndScheduler
FN:3801,vTaskSuspendAll
FNDA:12861,vTaskSuspendAll
FN:3946,xTaskResumeAll
FNDA:12861,xTaskResumeAll
FN:4096,xTaskGetTickCount
FNDA:12666,xTaskGetTickCount
FN:4115,xTaskGetTickCountFromISR
FNDA:0,xTaskGetTickCountFromISR
FN:4150,uxTaskGetNumberOfTasks
FNDA:0,uxTaskGetNumberOfTasks
FN:4162,pcTaskGetName
FNDA:12,pcTaskGetName
FN:4182,prvSearchForNameWithinSingleList
FNDA:0,prvSearchForNameWithinSingleList
FN:4327,xTaskGetHandle
FNDA:0,xTaskGetHandle
FN:4529,xTaskGetIdleTaskHandle
FNDA:0,xTaskGetIdleTaskHandle
FN:4543,xTaskGetIdleTaskHandleForCore
FNDA:0,xTaskGetIdleTaskHandleForCore
FN:4610,xTaskCatchUpTicks
FNDA:0,xTaskCatchUpTicks
FN:4640,xTaskAbortDelay
FNDA:0,xTaskAbortDelay
FN:4734,xTaskIncrementTick
FNDA:2501,xTaskIncrementTick
FN:4990,vTaskSetApplicationTaskTag
FNDA:0,vTaskSetApplicationTaskTag
FN:5024,xTaskGetApplicationTaskTag
FNDA:0,xTaskGetApplicationTaskTag
FN:5052,xTaskGetApplicationTaskTagFromISR
FNDA:0,xTaskGetApplicationTaskTagFromISR
FN:5081,xTaskCallApplicationTaskHook
FNDA:0,xTaskCallApplicationTaskHook
FN:5117,vTaskSwitchContext
FNDA:15305,vTaskSwitchContext
FN:5304,vTaskPlaceOnEventList
FNDA:10225,vTaskPlaceOnEventList
FN:5333,vTaskPlaceOnUnorderedEventList
FNDA:0,vTaskPlaceOnUnorderedEventList
FN:5365,vTaskPlaceOnEventListRestricted
FNDA:1,vTaskPlaceOnEventListRestricted
FN:5402,xTaskRemoveFromEventList
FNDA:7681,xTaskRemoveFromEventList
FN:5495,vTaskRemoveFromUnorderedEventList
FNDA:0,vTaskRemoveFromUnorderedEventList
FN:5567,vTaskSetTimeOutState
FNDA:0,vTaskSetTimeOutState
FN:5583,vTaskInternalSetTimeOutState
FNDA:12765,vTaskInternalSetTimeOutState
FN:5595,xTaskCheckForTimeOut
FNDA:12762,xTaskCheckForTimeOut
FN:5664,vTaskMissedYield
FNDA:0,vTaskMissedYield
FN:5809,prvIdleTask
FNDA:1,prvIdleTask
FN:6072,prvInitialiseTaskLists
FNDA:1,prvInitialiseTaskLists
FN:6104,prvCheckTasksWaitingTermination
FNDA:4286710000,prvCheckTasksWaitingTermination
FN:6467,prvDeleteTCB
FNDA:0,prvDeleteTCB
FN:6520,prvResetNextTaskUnblockTime
FNDA:0,prvResetNextTaskUnblockTime
FN:6544,xTaskGetCurrentTaskHandle
FNDA:35687,xTaskGetCurrentTaskHandle
FN:6579,xTaskGetCurrentTaskHandleForCore
FNDA:0,xTaskGetCurrentTaskHandleForCore
FN:6604,xTaskGetSchedulerState
FNDA:77418,xTaskGetSchedulerState
FN:6644,xTaskPriorityInherit
FNDA:0,xTaskPriorityInherit
FN:6747,xTaskPriorityDisinherit
FNDA:25920,xTaskPriorityDisinherit
FN:6841,vTaskPriorityDisinheritAfterTimeout
FNDA:0,vTaskPriorityDisinheritAfterTimeout
FN:7633,uxTaskResetEventItemValue
FNDA:0,uxTaskResetEventItemValue
FN:7653,pvTaskIncrementMutexHeldCount
FNDA:25905,pvTaskIncrementMutexHeldCount
FN:7678,ulTaskGenericNotifyTake
FNDA:0,ulTaskGenericNotifyTake
FN:7781,xTaskGenericNotifyWait
FNDA:0,xTaskGenericNotifyWait
FN:7896,xTaskGenericNotify
FNDA:0,xTaskGenericNotify
FN:8016,xTaskGenericNotifyFromISR
FNDA:0,xTaskGenericNotifyFromISR
FN:8179,vTaskGenericNotifyGiveFromISR
FNDA:0,vTaskGenericNotifyGiveFromISR
FN:8292,xTaskGenericNotifyStateClear
FNDA:0,xTaskGenericNotifyStateClear
FN:8330,ulTaskGenericNotifyValueClear
FNDA:0,ulTaskGenericNotifyValueClear
FN:8364,ulTaskGetRunTimeCounter
FNDA:0,ulTaskGetRunTimeCounter
FN:8382,ulTaskGetRunTimePercent
FNDA:0,ulTaskGetRunTimePercent
FN:8415,ulTaskGetIdleRunTimeCounter
FNDA:0,ulTaskGetIdleRunTimeCounter
FN:8437,ulTaskGetIdleRunTimePercent
FNDA:0,ulTaskGetIdleRunTimePercent
FN:8473,prvAddCurrentTaskToDelayedList
FNDA:10235,prvAddCurrentTaskToDelayedList
DA:1619,12
DA:1669,12
DA:1671,12
DA:1677,12
DA:1679,12
DA:1681,12
DA:1684,12
DA:1690,0
DA:1695,0
DA:1700,12
DA:1710,12
DA:1713,12
DA:1717,12
DA:1729,12
DA:1731,12
DA:1740,12
DA:1741,12
DA:1745,0
DA:1750,12
DA:1792,12
DA:1833,12
DA:1834,12
DA:1837,12
DA:1843,12
DA:1862,12
DA:1864,63
DA:1866,63
DA:1871,63
DA:1873,12
DA:1883,12
DA:1891,12
DA:1893,12
DA:1895,0
DA:1902,12
DA:1905,12
DA:1909,12
DA:1910,12
DA:1914,12
DA:1917,12
DA:1918,12
DA:1974,12
DA:2003,12
DA:2007,12
DA:2013,12
DA:2018,12
DA:2022,12
DA:2024,12
DA:2026,12
DA:2030,1
DA:2032,1
DA:2037,1
DA:2049,11
DA:2051,11
DA:2053,6
DA:2066,12
DA:2076,12
DA:2080,12
DA:2082,12
DA:2086,0
DA:2092,12
DA:2190,0
DA:2193,0
DA:2198,0
DA:2202,0
DA:2205,0
DA:2215,0
DA:2217,0
DA:2228,0
DA:2233,0
DA:2238,0
DA:2246,0
DA:2251,0
DA:2258,0
DA:2266,0
DA:2297,0
DA:2302,0
DA:2305,0
DA:2310,0
DA:2312,0
DA:2319,0
DA:2321,0
DA:2323,0
DA:2324,0
DA:2335,0
DA:2342,0
DA:2346,0
DA:2350,0
DA:2351,0
DA:2353,0
DA:2357,0
DA:2359,0
DA:2362,0
DA:2364,0
DA:2371,0
DA:2373,0
DA:2385,0
DA:2387,0
DA:2396,0
DA:2398,0
DA:2404,0
DA:2411,0
DA:2415,0
DA:2417,0
DA:2426,0
DA:2434,9
DA:2436,9
DA:2441,9
DA:2443,9
DA:2445,9
DA:2456,9
DA:2458,9
DA:2467,9
DA:2469,9
DA:2477,8
DA:2484,0
DA:2491,0
DA:2495,0
DA:2498,0
DA:2501,0
DA:2506,0
DA:2508,0
DA:2509,0
DA:2510,0
DA:2511,0
DA:2513,0
DA:2515,0
DA:2520,0
DA:2522,0
DA:2526,0
DA:2530,0
DA:2535,0
DA:2546,0
DA:2548,0
DA:2550,0
DA:2552,0
DA:2553,0
DA:2565,0
DA:2571,0
DA:2576,0
DA:2586,0
DA:2608,0
DA:2616,0
DA:2623,0
DA:2627,0
DA:2628,0
DA:2630,0
DA:2634,0
DA:2642,0
DA:2668,0
DA:2672,0
DA:2673,0
DA:2675,0
DA:2679,0
DA:2687,0
DA:2694,0
DA:2698,0
DA:2699,0
DA:2701,0
DA:2705,0
DA:2713,0
DA:2739,0
DA:2743,0
DA:2744,0
DA:2746,0
DA:2750,0
DA:2758,5107
DA:2763,5107
DA:2771,5107
DA:2774,5107
DA:2776,0
DA:2783,5107
DA:2787,5107
DA:2793,5107
DA:2801,5107
DA:2805,5107
DA:2809,2555
DA:2814,0
DA:2816,0
DA:2838,2552
DA:2847,2552
DA:2860,5107
DA:2867,5107
DA:2869,5107
DA:2877,5107
DA:2887,5107
DA:2889,5107
DA:2900,5107
DA:2905,5107
DA:2917,5107
DA:2935,5107
DA:2938,2552
DA:2962,5107
DA:2965,5107
DA:3114,0
DA:3120,0
DA:3124,0
DA:3130,0
DA:3140,0
DA:3142,0
DA:3149,0
DA:3155,0
DA:3157,0
DA:3161,0
DA:3207,0
DA:3213,0
DA:3217,0
DA:3219,0
DA:3221,0
DA:3228,0
DA:3230,0
DA:3233,0
DA:3234,0
DA:3245,0
DA:3247,0
DA:3253,0
DA:3257,0
DA:3269,0
DA:3276,0
DA:3278,0
DA:3279,0
DA:3285,0
DA:3288,0
DA:3291,0
DA:3295,0
DA:3306,0
DA:3308,0
DA:3310,0
DA:3312,0
DA:3313,0
DA:3338,0
DA:3346,0
DA:3348,0
DA:3353,0
DA:3359,0
DA:3370,0
DA:3372,0
DA:3378,0
DA:3379,0
DA:3384,0
DA:3391,0
DA:3399,0
DA:3407,0
DA:3409,0
DA:3410,0
DA:3415,0
DA:3435,0
DA:3437,0
DA:3442,0
DA:3448,0
DA:3450,0
DA:3455,0
DA:3464,0
DA:3465,0
DA:3472,0
DA:3491,0
DA:3495,0
DA:3501,1
DA:3503,1
DA:3506,1
DA:3509,5
DA:3511,5
DA:3516,5
DA:3518,1
DA:3527,2
DA:3531,1
DA:3620,1
DA:3630,1
DA:3632,0
DA:3650,1
DA:3655,1
DA:3669,1
DA:3673,1
DA:3675,1
DA:3684,1
DA:3700,1
DA:3710,1
DA:3711,1
DA:3712,1
DA:3729,1
DA:3743,0
DA:3752,0
DA:3755,0
DA:3758,0
DA:3769,0
DA:3774,0
DA:3776,0
DA:3783,0
DA:3790,0
DA:3791,0
DA:3795,0
DA:3798,0
DA:3801,12861
DA:3818,12861
DA:3822,12861
DA:3878,12861
DA:3946,12861
DA:3948,12861
DA:3949,12861
DA:3962,12861
DA:3965,12861
DA:3969,12861
DA:3971,12861
DA:3974,12861
DA:3976,12861
DA:3980,12847
DA:3985,0
DA:3986,0
DA:3987,0
DA:3988,0
DA:3989,0
DA:3995,0
DA:3997,0
DA:4013,12847
DA:4021,0
DA:4034,12847
DA:4036,12847
DA:4040,0
DA:4044,0
DA:4051,0
DA:4052,0
DA:4054,0
DA:4062,12847
DA:4066,0
DA:4072,0
DA:4087,12861
DA:4092,12861
DA:4096,12666
DA:4105,12666
DA:4111,12666
DA:4115,0
DA:4138,0
DA:4140,0
DA:4146,0
DA:4150,0
DA:4158,0
DA:4162,12
DA:4170,12
DA:4171,12
DA:4175,12
DA:4182,0
DA:4187,0
DA:4194,0
DA:4199,0
DA:4206,0
DA:4210,0
DA:4212,0
DA:4214,0
DA:4216,0
DA:4219,0
DA:4221,0
DA:4225,0
DA:4226,0
DA:4233,0
DA:4235,0
DA:4239,0
DA:4242,0
DA:4244,0
DA:4251,0
DA:4327,0
DA:4329,0
DA:4335,0
DA:4337,0
DA:4342,0
DA:4343,0
DA:4345,0
DA:4348,0
DA:4350,0
DA:4353,0
DA:4355,0
DA:4358,0
DA:4360,0
DA:4365,0
DA:4368,0
DA:4375,0
DA:4378,0
DA:4383,0
DA:4387,0
DA:4529,0
DA:4535,0
DA:4539,0
DA:4543,0
DA:4548,0
DA:4552,0
DA:4556,0
DA:4610,0
DA:4618,0
DA:4622,0
DA:4625,0
DA:4627,0
DA:4629,0
DA:4630,0
DA:4634,0
DA:4640,0
DA:4642,0
DA:4647,0
DA:4649,0
DA:4653,0
DA:4655,0
DA:4660,0
DA:4666,0
DA:4668,0
DA:4670,0
DA:4675,0
DA:4682,0
DA:4685,0
DA:4696,0
DA:4700,0
DA:4721,0
DA:4724,0
DA:4728,0
DA:4734,2501
DA:4738,2501
DA:4755,2501
DA:4759,2501
DA:4763,2501
DA:4765,2501
DA:4767,0
DA:4778,2501
DA:4782,5032
DA:4789,8
DA:4790,8
DA:4801,5024
DA:4802,5024
DA:4804,5024
DA:4811,2479
DA:4812,2479
DA:4820,2545
DA:4824,2545
DA:4826,2537
DA:4835,2545
DA:4851,2545
DA:4853,2545
DA:4878,2501
DA:4880,2
DA:4927,2501
DA:4929,0
DA:4971,0
DA:4984,2501
DA:4990,0
DA:4999,0
DA:5001,0
DA:5005,0
DA:5010,0
DA:5012,0
DA:5014,0
DA:5017,0
DA:5024,0
DA:5032,0
DA:5036,0
DA:5038,0
DA:5040,0
DA:5044,0
DA:5052,0
DA:5061,0
DA:5065,0
DA:5067,0
DA:5069,0
DA:5073,0
DA:5081,0
DA:5090,0
DA:5092,0
DA:5096,0
DA:5099,0
DA:5101,0
DA:5105,0
DA:5110,0
DA:5117,15305
DA:5121,15305
DA:5125,0
DA:5129,15305
DA:5137,15305
DA:5147,15305
DA:5149,2294
DA:5156,15305
DA:5175,40435
DA:5181,15305
DA:5200,15305
DA:5304,10225
DA:5309,10225
DA:5325,10225
DA:5327,10225
DA:5330,10225
DA:5333,0
DA:5339,0
DA:5343,0
DA:5348,0
DA:5355,0
DA:5357,0
DA:5360,0
DA:5365,1
DA:5371,1
DA:5383,1
DA:5388,1
DA:5390,1
DA:5394,1
DA:5397,1
DA:5402,7681
DA:5425,7681
DA:5426,7681
DA:5427,7681
DA:5429,7681
DA:5431,7681
DA:5432,7681
DA:5452,0
DA:5457,7681
DA:5462,17
DA:5466,17
DA:5470,7664
DA:5491,7681
DA:5495,0
DA:5504,0
DA:5507,0
DA:5514,0
DA:5515,0
DA:5516,0
DA:5535,0
DA:5536,0
DA:5540,0
DA:5546,0
DA:5564,0
DA:5567,0
DA:5571,0
DA:5572,0
DA:5574,0
DA:5575,0
DA:5577,0
DA:5580,0
DA:5583,12765
DA:5588,12765
DA:5589,12765
DA:5592,12765
DA:5595,12762
DA:5602,12762
DA:5603,12762
DA:5605,12762
DA:5608,12762
DA:5609,12762
DA:5612,12762
DA:5616,0
DA:5617,0
DA:5623,12762
DA:5628,7685
DA:5633,5077
DA:5640,0
DA:5641,0
DA:5643,5077
DA:5646,2540
DA:5647,2540
DA:5648,2540
DA:5652,2537
DA:5653,2537
DA:5656,12762
DA:5660,12762
DA:5664,0
DA:5669,0
DA:5672,0
DA:5809,4286710000
DA:5834,4286710000
DA:5858,4286710000
DA:5860,0
DA:6072,1
DA:6076,21
DA:6078,20
DA:6081,1
DA:6082,1
DA:6083,1
DA:6087,1
DA:6093,1
DA:6099,1
DA:6100,1
DA:6101,1
DA:6104,4286710000
DA:6114,4286710000
DA:6118,0
DA:6124,0
DA:6125,0
DA:6126,0
DA:6127,0
DA:6130,0
DA:6132,0
DA:6177,4286710000
DA:6467,0
DA:6472,0
DA:6485,0
DA:6486,0
DA:6515,0
DA:6520,0
DA:6522,0
DA:6528,0
DA:6536,0
DA:6538,0
DA:6544,35687
DA:6553,35687
DA:6557,35687
DA:6579,0
DA:6581,0
DA:6585,0
DA:6588,0
DA:6596,0
DA:6604,77418
DA:6610,77418
DA:6612,15
DA:6620,77403
DA:6622,77403
DA:6626,0
DA:6636,77418
DA:6644,0
DA:6646,0
DA:6647,0
DA:6653,0
DA:6658,0
DA:6663,0
DA:6665,0
DA:6674,0
DA:6676,0
DA:6689,0
DA:6690,0
DA:6705,0
DA:6711,0
DA:6715,0
DA:6724,0
DA:6739,0
DA:6747,25920
DA:6749,25920
DA:6750,25920
DA:6754,25920
DA:6760,25905
DA:6761,25905
DA:6762,25905
DA:6766,25905
DA:6769,0
DA:6776,0
DA:6788,0
DA:6793,0
DA:6794,0
DA:6814,0
DA:6833,25920
DA:6841,0
DA:6844,0
DA:6846,0
DA:6850,0
DA:6854,0
DA:6860,0
DA:6862,0
DA:6866,0
DA:6870,0
DA:6876,0
DA:6881,0
DA:6887,0
DA:6888,0
DA:6892,0
DA:6894,0
DA:6907,0
DA:6909,0
DA:6921,0
DA:6954,0
DA:7633,0
DA:7639,0
DA:7643,0
DA:7647,0
DA:7653,25905
DA:7659,25905
DA:7663,25905
DA:7665,25905
DA:7670,25905
DA:7678,0
DA:7683,0
DA:7687,0
DA:7691,0
DA:7697,0
DA:7700,0
DA:7703,0
DA:7705,0
DA:7707,0
DA:7719,0
DA:7724,0
DA:7727,0
DA:7734,0
DA:7737,0
DA:7739,0
DA:7746,0
DA:7749,0
DA:7751,0
DA:7753,0
DA:7755,0
DA:7759,0
DA:7767,0
DA:7769,0
DA:7773,0
DA:7781,0
DA:7787,0
DA:7791,0
DA:7795,0
DA:7800,0
DA:7803,0
DA:7808,0
DA:7811,0
DA:7813,0
DA:7815,0
DA:7827,0
DA:7832,0
DA:7835,0
DA:7842,0
DA:7845,0
DA:7847,0
DA:7854,0
DA:7858,0
DA:7862,0
DA:7869,0
DA:7872,0
DA:7878,0
DA:7879,0
DA:7882,0
DA:7884,0
DA:7888,0
DA:7896,0
DA:7903,0
DA:7908,0
DA:7909,0
DA:7910,0
DA:7912,0
DA:7914,0
DA:7916,0
DA:7919,0
DA:7921,0
DA:7923,0
DA:7925,0
DA:7926,0
DA:7927,0
DA:7929,0
DA:7930,0
DA:7931,0
DA:7933,0
DA:7934,0
DA:7935,0
DA:7937,0
DA:7939,0
DA:7941,0
DA:7946,0
DA:7949,0
DA:7951,0
DA:7955,0
DA:7957,0
DA:7962,0
DA:7964,0
DA:7971,0
DA:7973,0
DA:7974,0
DA:7977,0
DA:7997,0
DA:8004,0
DA:8008,0
DA:8016,0
DA:8025,0
DA:8030,0
DA:8031,0
DA:8051,0
DA:8053,0
DA:8055,0
DA:8057,0
DA:8060,0
DA:8061,0
DA:8063,0
DA:8065,0
DA:8066,0
DA:8067,0
DA:8069,0
DA:8070,0
DA:8071,0
DA:8073,0
DA:8074,0
DA:8075,0
DA:8077,0
DA:8079,0
DA:8081,0
DA:8086,0
DA:8089,0
DA:8091,0
DA:8095,0
DA:8097,0
DA:8102,0
DA:8103,0
DA:8110,0
DA:8113,0
DA:8115,0
DA:8117,0
DA:8118,0
DA:8124,0
DA:8129,0
DA:8133,0
DA:8135,0
DA:8141,0
DA:8167,0
DA:8171,0
DA:8179,0
DA:8189,0
DA:8190,0
DA:8210,0
DA:8212,0
DA:8214,0
DA:8215,0
DA:8219,0
DA:8225,0
DA:8228,0
DA:8230,0
DA:8232,0
DA:8233,0
DA:8239,0
DA:8244,0
DA:8248,0
DA:8250,0
DA:8256,0
DA:8282,0
DA:8285,0
DA:8292,0
DA:8300,0
DA:8304,0
DA:8306,0
DA:8308,0
DA:8310,0
DA:8311,0
DA:8315,0
DA:8318,0
DA:8322,0
DA:8330,0
DA:8339,0
DA:8343,0
DA:8345,0
DA:8349,0
DA:8350,0
DA:8352,0
DA:8356,0
DA:8364,0
DA:8370,0
DA:8374,0
DA:8382,0
DA:8389,0
DA:8392,0
DA:8395,0
DA:8397,0
DA:8398,0
DA:8402,0
DA:8407,0
DA:8415,0
DA:8417,0
DA:8422,0
DA:8424,0
DA:8429,0
DA:8437,0
DA:8440,0
DA:8445,0
DA:8448,0
DA:8451,0
DA:8453,0
DA:8455,0
DA:8458,0
DA:8462,0
DA:8467,0
DA:8473,10235
DA:8477,10235
DA:8478,10235
DA:8479,10235
DA:8486,10235
DA:8492,10235
DA:8505,10235
DA:8510,7686
DA:8517,2549
DA:8520,2549
DA:8522,2549
DA:8527,0
DA:8534,2549
DA:8539,2549
DA:8541,2481
DA:8589,10235
end_of_record
TN:
SF:/home/atcsol/git/Obdh_Proyectofinal/uah_photsat_freertos/llsw/freertos_osswr/Source/portable/ThirdParty/GCC/Posix/port.c
FN:96,prvGetThreadFromTask
FNDA:33112,prvGetThreadFromTask
FN:131,prvFatalError
FNDA:0,prvFatalError
FN:139,prvPortSetCurrentThreadName
FNDA:14,prvPortSetCurrentThreadName
FN:152,pxPortInitialiseStack
FNDA:12,pxPortInitialiseStack
FN:213,vPortStartFirstTask
FNDA:1,vPortStartFirstTask
FN:225,xPortStartScheduler
FNDA:1,xPortStartScheduler
FN:277,vPortEndScheduler
FNDA:0,vPortEndScheduler
FN:296,vPortEnterCritical
FNDA:182305,vPortEnterCritical
FN:307,vPortExitCritical
FNDA:182294,vPortExitCritical
FN:319,prvPortYieldFromISR
FNDA:12804,prvPortYieldFromISR
FN:334,vPortYield
FNDA:12804,vPortYield
FN:344,vPortDisableInterrupts
FNDA:179735,vPortDisableInterrupts
FN:350,vPortEnableInterrupts
FNDA:179736,vPortEnableInterrupts
FN:356,xPortSetInterruptMask
FNDA:0,xPortSetInterruptMask
FN:364,vPortClearInterruptMask
FNDA:0,vPortClearInterruptMask
FN:370,prvGetTimeNs
FNDA:1,prvGetTimeNs
FN:384,prvTimerTickHandler
FNDA:1,prvTimerTickHandler
FN:409,prvSetupTimerInterrupt
FNDA:1,prvSetupTimerInterrupt
FN:418,vPortSystemTickHandler
FNDA:2501,vPortSystemTickHandler
FN:460,vPortThreadDying
FNDA:0,vPortThreadDying
FN:471,vPortCancelThread
FNDA:0,vPortCancelThread
FN:485,prvWaitForStart
FNDA:12,prvWaitForStart
FN:512,prvSwitchThread
FNDA:15305,prvSwitchThread
FN:542,prvSuspendSelf
FNDA:12829,prvSuspendSelf
FN:563,prvResumeThread
FNDA:12818,prvResumeThread
FN:572,prvSetupSignalsAndSchedulerPolicy
FNDA:1,prvSetupSignalsAndSchedulerPolicy
FN:610,ulPortGetRunTime
FNDA:15305,ulPortGetRunTime
DA:96,33112
DA:98,33112
DA:100,33112
DA:131,0
DA:134,0
DA:135,0
DA:139,14
DA:144,14
DA:146,14
DA:152,12
DA:162,12
DA:167,12
DA:168,12
DA:174,12
DA:180,12
DA:181,12
DA:182,12
DA:185,12
DA:187,12
DA:188,12
DA:190,12
DA:192,0
DA:195,12
DA:197,12
DA:199,12
DA:202,12
DA:204,0
DA:207,12
DA:209,12
DA:213,1
DA:215,1
DA:218,1
DA:219,1
DA:225,1
DA:230,1
DA:231,1
DA:235,1
DA:242,1
DA:243,1
DA:244,1
DA:247,1
DA:250,1
DA:252,1
DA:259,0
DA:267,0
DA:271,0
DA:273,0
DA:277,0
DA:282,0
DA:283,0
DA:286,0
DA:287,0
DA:290,0
DA:291,0
DA:292,0
DA:293,0
DA:296,182305
DA:298,182305
DA:300,179734
DA:303,182305
DA:304,182305
DA:307,182294
DA:309,182294
DA:312,182294
DA:314,179724
DA:316,182294
DA:319,12804
DA:324,12804
DA:326,12804
DA:328,12804
DA:330,12804
DA:331,12794
DA:334,12804
DA:336,12804
DA:338,12804
DA:340,12794
DA:341,12794
DA:344,179735
DA:346,179735
DA:347,179735
DA:350,179736
DA:352,179736
DA:353,179736
DA:356,0
DA:360,0
DA:364,0
DA:367,0
DA:370,1
DA:374,1
DA:376,1
DA:384,1
DA:388,1
DA:390,2501
DA:396,2501
DA:397,2501
DA:398,2501
DA:401,0
DA:409,1
DA:411,1
DA:412,1
DA:414,1
DA:415,1
DA:418,2501
DA:427,2501
DA:430,2501
DA:441,2501
DA:449,2501
DA:451,2501
DA:453,2501
DA:456,2500
DA:457,2500
DA:460,0
DA:463,0
DA:467,0
DA:468,0
DA:471,0
DA:473,0
DA:478,0
DA:479,0
DA:480,0
DA:481,0
DA:482,0
DA:485,12
DA:487,12
DA:489,12
DA:492,12
DA:493,12
DA:496,12
DA:499,12
DA:506,0
DA:512,15305
DA:517,15305
DA:526,12817
DA:528,12817
DA:530,12817
DA:532,0
DA:535,12817
DA:537,12806
DA:539,15294
DA:542,12829
DA:557,12829
DA:558,12818
DA:559,12818
DA:563,12818
DA:565,12818
DA:567,12818
DA:569,12818
DA:572,1
DA:577,1
DA:580,1
DA:584,1
DA:593,1
DA:597,1
DA:598,1
DA:599,1
DA:601,1
DA:603,1
DA:605,0
DA:607,1
DA:610,15305
DA:614,15305
DA:616,15305
end_of_record
TN:
SF:/home/atcsol/git/Obdh_Proyectofinal/uah_photsat_freertos/llsw/freertos_osswr/Source/portable/ThirdParty/GCC/Posix/utils/wait_for_event.c
FN:42,event_create
FNDA:12,event_create
FN:52,event_delete
FNDA:0,event_delete
FN:59,event_wait
FNDA:12829,event_wait
FN:72,event_wait_timed
FNDA:0,event_wait_timed
FN:98,event_signal
FNDA:12818,event_signal
DA:42,12
DA:44,12
DA:46,12
DA:47,12
DA:48,12
DA:49,12
DA:52,0
DA:54,0
DA:55,0
DA:56,0
DA:57,0
DA:59,12829
DA:61,12829
DA:63,24232
DA:65,11414
DA:68,12818
DA:69,12818
DA:70,12818
DA:72,0
DA:76,0
DA:78,0
DA:79,0
DA:80,0
DA:81,0
DA:83,0
DA:85,0
DA:87,0
DA:89,0
DA:93,0
DA:94,0
DA:95,0
DA:98,12818
DA:100,12818
DA:101,12818
DA:102,12818
DA:103,12818
DA:104,12818
end_of_record
TN:
SF:/home/atcsol/git/Obdh_Proyectofinal/uah_photsat_freertos/llsw/freertos_osswr/Source/portable/ThirdParty/GCC/Posix/MemMang/heap_3.c
FN:96,pvPortMalloc
FNDA:83,pvPortMalloc
FN:121,vPortFree
FNDA:6,vPortFree
DA:96,83
DA:100,83
DA:102,83
DA:105,83
DA:117,83
DA:121,6
DA:123,6
DA:125,6
DA:127,6
DA:130,6
DA:132,6
end_of_record
TN:
SF:/home/atcsol/git/Obdh_Proyectofinal/uah_photsat_freertos/llsw/freertos_osswr/Source/stream_buffer.c
FN:324,xStreamBufferGenericCreate
FNDA:0,xStreamBufferGenericCreate
FN:538,vStreamBufferDelete
FNDA:0,vStreamBufferDelete
FN:575,xStreamBufferReset
FNDA:0,xStreamBufferReset
FN:636,xStreamBufferSetTriggerLevel
FNDA:0,xStreamBufferSetTriggerLevel
FN:670,xStreamBufferSpacesAvailable
FNDA:0,xStreamBufferSpacesAvailable
FN:707,xStreamBufferBytesAvailable
FNDA:0,xStreamBufferBytesAvailable
FN:724,xStreamBufferSend
FNDA:0,xStreamBufferSend
FN:859,xStreamBufferSendFromISR
FNDA:0,xStreamBufferSendFromISR
FN:913,prvWriteMessageToBuffer
FNDA:0,prvWriteMessageToBuffer
FN:966,xStreamBufferReceive
FNDA:0,xStreamBufferReceive
FN:1074,xStreamBufferNextMessageLengthBytes
FNDA:0,xStreamBufferNextMessageLengthBytes
FN:1118,xStreamBufferReceiveFromISR
FNDA:0,xStreamBufferReceiveFromISR
FN:1178,prvReadMessageFromBuffer
FNDA:0,prvReadMessageFromBuffer
FN:1233,xStreamBufferIsEmpty
FNDA:0,xStreamBufferIsEmpty
FN:1261,xStreamBufferIsFull
FNDA:0,xStreamBufferIsFull
FN:1300,xStreamBufferSendCompletedFromISR
FNDA:0,xStreamBufferSendCompletedFromISR
FN:1336,xStreamBufferReceiveCompletedFromISR
FNDA:0,xStreamBufferReceiveCompletedFromISR
FN:1372,prvWriteBytesToBuffer
FNDA:0,prvWriteBytesToBuffer
FN:1418,prvReadBytesFromBuffer
FNDA:0,prvReadBytesFromBuffer
FN:1462,prvBytesInBuffer
FNDA:0,prvBytesInBuffer
FN:1483,prvInitialiseNewStreamBuffer
FNDA:0,prvInitialiseNewStreamBuffer
FN:1531,uxStreamBufferGetStreamBufferNotificationIndex
FNDA:0,uxStreamBufferGetStreamBufferNotificationIndex
FN:1545,vStreamBufferSetStreamBufferNotificationIndex
FNDA:0,vStreamBufferSetStreamBufferNotificationIndex
DA:324,0
DA:339,0
DA:342,0
DA:343,0
DA:348,0
DA:349,0
DA:352,0
DA:356,0
DA:358,0
DA:369,0
DA:371,0
DA:372,0
DA:376,0
DA:379,0
DA:384,0
DA:407,0
DA:538,0
DA:540,0
DA:544,0
DA:548,0
DA:554,0
DA:568,0
DA:572,0
DA:575,0
DA:577,0
DA:578,0
DA:579,0
DA:587,0
DA:598,0
DA:600,0
DA:609,0
DA:613,0
DA:625,0
DA:628,0
DA:632,0
DA:636,0
DA:639,0
DA:644,0
DA:647,0
DA:649,0
DA:654,0
DA:656,0
DA:657,0
DA:661,0
DA:666,0
DA:670,0
DA:672,0
DA:678,0
DA:685,0
DA:686,0
DA:687,0
DA:688,0
DA:690,0
DA:692,0
DA:694,0
DA:703,0
DA:707,0
DA:709,0
DA:714,0
DA:716,0
DA:720,0
DA:724,0
DA:729,0
DA:730,0
DA:731,0
DA:733,0
DA:737,0
DA:738,0
DA:742,0
DA:748,0
DA:750,0
DA:753,0
DA:757,0
DA:761,0
DA:773,0
DA:775,0
DA:783,0
DA:785,0
DA:791,0
DA:793,0
DA:795,0
DA:798,0
DA:801,0
DA:802,0
DA:806,0
DA:807,0
DA:810,0
DA:813,0
DA:814,0
DA:815,0
DA:822,0
DA:824,0
DA:831,0
DA:833,0
DA:838,0
DA:840,0
DA:855,0
DA:859,0
DA:864,0
DA:866,0
DA:870,0
DA:871,0
DA:877,0
DA:879,0
DA:886,0
DA:887,0
DA:889,0
DA:892,0
DA:894,0
DA:909,0
DA:913,0
DA:919,0
DA:922,0
DA:927,0
DA:930,0
DA:932,0
DA:937,0
DA:942,0
DA:950,0
DA:953,0
DA:959,0
DA:962,0
DA:966,0
DA:971,0
DA:972,0
DA:976,0
DA:977,0
DA:984,0
DA:986,0
DA:990,0
DA:993,0
DA:997,0
DA:999,0
DA:1006,0
DA:1009,0
DA:1012,0
DA:1013,0
DA:1020,0
DA:1022,0
DA:1026,0
DA:1027,0
DA:1030,0
DA:1039,0
DA:1047,0
DA:1049,0
DA:1052,0
DA:1055,0
DA:1070,0
DA:1074,0
DA:1076,0
DA:1082,0
DA:1085,0
DA:1087,0
DA:1089,0
DA:1094,0
DA:1095,0
DA:1103,0
DA:1104,0
DA:1109,0
DA:1114,0
DA:1118,0
DA:1123,0
DA:1124,0
DA:1128,0
DA:1129,0
DA:1136,0
DA:1138,0
DA:1142,0
DA:1145,0
DA:1152,0
DA:1154,0
DA:1157,0
DA:1159,0
DA:1174,0
DA:1178,0
DA:1185,0
DA:1187,0
DA:1191,0
DA:1192,0
DA:1196,0
DA:1200,0
DA:1203,0
DA:1214,0
DA:1218,0
DA:1220,0
DA:1226,0
DA:1229,0
DA:1233,0
DA:1235,0
DA:1241,0
DA:1244,0
DA:1246,0
DA:1248,0
DA:1252,0
DA:1257,0
DA:1261,0
DA:1265,0
DA:1269,0
DA:1275,0
DA:1277,0
DA:1281,0
DA:1285,0
DA:1287,0
DA:1291,0
DA:1296,0
DA:1300,0
DA:1303,0
DA:1309,0
DA:1311,0
DA:1313,0
DA:1315,0
DA:1320,0
DA:1321,0
DA:1325,0
DA:1328,0
DA:1332,0
DA:1336,0
DA:1339,0
DA:1345,0
DA:1347,0
DA:1349,0
DA:1351,0
DA:1356,0
DA:1357,0
DA:1361,0
DA:1364,0
DA:1368,0
DA:1372,0
DA:1379,0
DA:1384,0
DA:1387,0
DA:1388,0
DA:1392,0
DA:1395,0
DA:1396,0
DA:1403,0
DA:1405,0
DA:1407,0
DA:1414,0
DA:1418,0
DA:1425,0
DA:1430,0
DA:1434,0
DA:1435,0
DA:1436,0
DA:1440,0
DA:1443,0
DA:1451,0
DA:1453,0
DA:1455,0
DA:1458,0
DA:1462,0
DA:1467,0
DA:1468,0
DA:1470,0
DA:1472,0
DA:1479,0
DA:1483,0
DA:1500,0
DA:1504,0
DA:1505,0
DA:1506,0
DA:1507,0
DA:1508,0
DA:1509,0
DA:1528,0
DA:1531,0
DA:1533,0
DA:1537,0
DA:1541,0
DA:1545,0
DA:1548,0
DA:1552,0
DA:1555,0
DA:1556,0
DA:1559,0
DA:1561,0
DA:1564,0
end_of_record
TN:
SF:/home/atcsol/git/Obdh_Proyectofinal/uah_photsat_freertos/llsw/freertos_osswr/Source/timers.c
FN:237,xTimerCreateTimerTask
FNDA:1,xTimerCreateTimerTask
FN:336,xTimerCreate
FNDA:0,xTimerCreate
FN:417,prvInitialiseNewTimer
FNDA:0,prvInitialiseNewTimer
FN:448,xTimerGenericCommandFromTask
FNDA:0,xTimerGenericCommandFromTask
FN:499,xTimerGenericCommandFromISR
FNDA:0,xTimerGenericCommandFromISR
FN:543,xTimerGetTimerDaemonTaskHandle
FNDA:0,xTimerGetTimerDaemonTaskHandle
FN:557,xTimerGetPeriod
FNDA:0,xTimerGetPeriod
FN:571,vTimerSetReloadMode
FNDA:0,vTimerSetReloadMode
FN:596,xTimerGetReloadMode
FNDA:0,xTimerGetReloadMode
FN:624,uxTimerGetReloadMode
FNDA:0,uxTimerGetReloadMode
FN:638,xTimerGetExpiryTime
FNDA:0,xTimerGetExpiryTime
FN:685,pcTimerGetName
FNDA:0,pcTimerGetName
FN:699,prvReloadTimer
FNDA:0,prvReloadTimer
FN:718,prvProcessExpiredTimer
FNDA:0,prvProcessExpiredTimer
FN:748,prvTimerTask
FNDA:1,prvTimerTask
FN:782,prvProcessTimerOrBlockTask
FNDA:1,prvProcessTimerOrBlockTask
FN:844,prvGetNextExpireTime
FNDA:1,prvGetNextExpireTime
FN:871,prvSampleTimeNow
FNDA:1,prvSampleTimeNow
FN:894,prvInsertTimerInActiveList
FNDA:0,prvInsertTimerInActiveList
FN:938,prvProcessReceivedCommands
FNDA:0,prvProcessReceivedCommands
FN:1086,prvSwitchTimerLists
FNDA:0,prvSwitchTimerLists
FN:1111,prvCheckForValidListAndQueue
FNDA:1,prvCheckForValidListAndQueue
FN:1162,xTimerIsTimerActive
FNDA:0,xTimerIsTimerActive
FN:1191,pvTimerGetTimerID
FNDA:0,pvTimerGetTimerID
FN:1212,vTimerSetTimerID
FNDA:0,vTimerSetTimerID
FN:1233,xTimerPendFunctionCallFromISR
FNDA:0,xTimerPendFunctionCallFromISR
FN:1263,xTimerPendFunctionCall
FNDA:0,xTimerPendFunctionCall
DA:237,1
DA:239,1
DA:247,1
DA:249,1
DA:310,1
DA:326,1
DA:330,1
DA:336,0
DA:349,0
DA:351,0
DA:356,0
DA:357,0
DA:362,0
DA:417,0
DA:425,0
DA:429,0
DA:433,0
DA:434,0
DA:435,0
DA:436,0
DA:437,0
DA:439,0
DA:441,0
DA:445,0
DA:448,0
DA:454,0
DA:461,0
DA:465,0
DA:468,0
DA:469,0
DA:470,0
DA:472,0
DA:474,0
DA:476,0
DA:478,0
DA:482,0
DA:495,0
DA:499,0
DA:505,0
DA:512,0
DA:516,0
DA:519,0
DA:520,0
DA:521,0
DA:523,0
DA:525,0
DA:527,0
DA:539,0
DA:543,0
DA:549,0
DA:553,0
DA:557,0
DA:559,0
DA:563,0
DA:567,0
DA:571,0
DA:574,0
DA:578,0
DA:579,0
DA:581,0
DA:583,0
DA:587,0
DA:590,0
DA:593,0
DA:596,0
DA:598,0
DA:603,0
DA:604,0
DA:606,0
DA:609,0
DA:614,0
DA:617,0
DA:621,0
DA:624,0
DA:630,0
DA:634,0
DA:638,0
DA:640,0
DA:645,0
DA:646,0
DA:650,0
DA:685,0
DA:687,0
DA:691,0
DA:695,0
DA:699,0
DA:706,0
DA:709,0
DA:713,0
DA:715,0
DA:718,0
DA:724,0
DA:729,0
DA:733,0
DA:735,0
DA:739,0
DA:744,0
DA:745,0
DA:748,1
DA:770,1
DA:774,1
DA:777,0
DA:782,1
DA:788,1
DA:795,1
DA:797,1
DA:800,1
DA:802,0
DA:803,0
DA:813,1
DA:817,1
DA:820,1
DA:822,1
DA:828,1
DA:838,0
DA:841,0
DA:844,1
DA:855,1
DA:857,1
DA:859,0
DA:864,1
DA:867,1
DA:871,1
DA:876,1
DA:878,1
DA:880,0
DA:881,0
DA:885,1
DA:888,1
DA:890,1
DA:894,0
DA:899,0
DA:901,0
DA:902,0
DA:904,0
DA:908,0
DA:912,0
DA:916,0
DA:921,0
DA:926,0
DA:930,0
DA:934,0
DA:938,0
DA:940,0
DA:945,0
DA:951,0
DA:953,0
DA:957,0
DA:960,0
DA:971,0
DA:975,0
DA:977,0
DA:980,0
DA:995,0
DA:997,0
DA:999,0
DA:1004,0
DA:1006,0
DA:1010,0
DA:1012,0
DA:1016,0
DA:1021,0
DA:1028,0
DA:1030,0
DA:1033,0
DA:1034,0
DA:1036,0
DA:1038,0
DA:1039,0
DA:1040,0
DA:1048,0
DA:1049,0
DA:1051,0
DA:1057,0
DA:1059,0
DA:1063,0
DA:1075,0
DA:1077,0
DA:1079,0
DA:1081,0
DA:1083,0
DA:1086,0
DA:1095,0
DA:1097,0
DA:1102,0
DA:1105,0
DA:1106,0
DA:1107,0
DA:1108,0
DA:1111,1
DA:1116,1
DA:1118,1
DA:1120,1
DA:1121,1
DA:1122,1
DA:1123,1
DA:1136,1
DA:1142,1
DA:1144,1
DA:1158,1
DA:1159,1
DA:1162,0
DA:1165,0
DA:1169,0
DA:1172,0
DA:1174,0
DA:1176,0
DA:1180,0
DA:1183,0
DA:1187,0
DA:1191,0
DA:1193,0
DA:1198,0
DA:1200,0
DA:1202,0
DA:1204,0
DA:1208,0
DA:1212,0
DA:1215,0
DA:1219,0
DA:1221,0
DA:1223,0
DA:1225,0
DA:1228,0
DA:1233,0
DA:1245,0
DA:1246,0
DA:1247,0
DA:1248,0
DA:1250,0
DA:1255,0
DA:1263,0
DA:1276,0
DA:1280,0
DA:1281,0
DA:1282,0
DA:1283,0
DA:1285,0
DA:1290,0
end_of_record
TN:
SF:/home/atcsol/git/Obdh_Proyectofinal/uah_photsat_freertos/llsw/tmtc_dyn_mem/src/tmtc_pool.cpp
FN:64,init_tmtc_pool
FNDA:1,init_tmtc_pool
FN:76,tmtc_pool_alloc
FNDA:70,tmtc_pool_alloc
FN:103,tmtc_pool_free
FNDA:80,tmtc_pool_free
DA:64,1
DA:67,51
DA:68,50
DA:73,1
DA:76,70
DA:78,70
DA:81,70
DA:84,99
DA:86,99
DA:87,70
DA:88,70
DA:89,70
DA:94,70
DA:98,70
DA:103,80
DA:108,80
DA:109,80
DA:111,80
DA:113,80
DA:114,80
DA:115,80
DA:118,80
end_of_record
[...]
FNDA:0,_ZN13CEDROOMstreamlsERKf
DA:9,0
DA:11,0
DA:14,0
DA:16,0
DA:19,0
DA:21,0
DA:23,0
DA:24,0
DA:26,0
DA:29,0
DA:31,0
DA:34,0
DA:36,0
DA:39,0
DA:41,0
DA:43,0
DA:46,0
DA:48,0
DA:51,0
DA:54,0
DA:55,0
DA:58,0
DA:61,0
DA:63,0
DA:66,0
DA:69,0
DA:71,0
DA:74,0
DA:76,0
end_of_record
TN:
SF:/home/atcsol/git/Obdh_Proyectofinal/uah_photsat_freertos/service_libraries/edroomsl/edroomsl/include/edroomsl/edroomsl.h
FN:115,_ZN11CEDROOMPoolD2Ev
FNDA:17,_ZN11CEDROOMPoolD2Ev
FN:115,_ZN11CEDROOMPoolD0Ev
FNDA:0,_ZN11CEDROOMPoolD0Ev
FN:231,_ZN17CEDROOMMemoryPool7IsEmptyEv
FNDA:5148,_ZN17CEDROOMMemoryPool7IsEmptyEv
FN:236,_ZN17CEDROOMMemoryPoolD2Ev
FNDA:17,_ZN17CEDROOMMemoryPoolD2Ev
FN:236,_ZN17CEDROOMMemoryPoolD0Ev
FNDA:0,_ZN17CEDROOMMemoryPoolD0Ev
FN:314,_ZN26CEDROOMProtectedMemoryPoolD2Ev
FNDA:1,_ZN26CEDROOMProtectedMemoryPoolD2Ev
FN:314,_ZN26CEDROOMProtectedMemoryPoolD0Ev
FNDA:0,_ZN26CEDROOMProtectedMemoryPoolD0Ev
FN:578,_ZN14CEDROOMMessageD2Ev
FNDA:61,_ZN14CEDROOMMessageD2Ev
FN:578,_ZN14CEDROOMMessageD0Ev
FNDA:0,_ZN14CEDROOMMessageD0Ev
FN:643,_ZN20CEDROOMSynchrMessageD0Ev
FNDA:0,_ZN20CEDROOMSynchrMessageD0Ev
FN:643,_ZN20CEDROOMSynchrMessageD2Ev
FNDA:0,_ZN20CEDROOMSynchrMessageD2Ev
FN:688,_ZN21CEDROOMTimeOutMessageD2Ev
FNDA:11,_ZN21CEDROOMTimeOutMessageD2Ev
FN:688,_ZN21CEDROOMTimeOutMessageD0Ev
FNDA:0,_ZN21CEDROOMTimeOutMessageD0Ev
FN:812,_ZN25CEDROOMSynchrMessagesPoolD2Ev
FNDA:0,_ZN25CEDROOMSynchrMessagesPoolD2Ev
FN:812,_ZN25CEDROOMSynchrMessagesPoolD0Ev
FNDA:0,_ZN25CEDROOMSynchrMessagesPoolD0Ev
FN:1808,_ZN16CEDROOMTXChannelC2Ev
FNDA:6,_ZN16CEDROOMTXChannelC2Ev
FN:1812,_ZN16CEDROOMTXChannelD2Ev
FNDA:6,_ZN16CEDROOMTXChannelD2Ev
FN:1812,_ZN16CEDROOMTXChannelD0Ev
FNDA:0,_ZN16CEDROOMTXChannelD0Ev
FN:1883,_ZN21CEDROOMLocalTXChannelD2Ev
FNDA:6,_ZN21CEDROOMLocalTXChannelD2Ev
FN:1883,_ZN21CEDROOMLocalTXChannelD0Ev
FNDA:0,_ZN21CEDROOMLocalTXChannelD0Ev
FN:2224,_ZN16CEDROOMComponent12SetErrorFlagE15TEDROOMCmpError
FNDA:0,_ZN16CEDROOMComponent12SetErrorFlagE15TEDROOMCmpError
FN:2248,_ZN16CEDROOMComponent14GetNomPriorityEv
FNDA:2574,_ZN16CEDROOMComponent14GetNomPriorityEv
DA:115,0
DA:115,17
DA:231,5148
DA:236,0
DA:236,17
DA:314,0
DA:314,1
DA:578,0
DA:578,61
DA:643,0
DA:643,0
DA:688,0
DA:688,11
DA:812,0
DA:812,0
DA:1808,6
DA:1812,0
DA:1812,6
DA:1883,0
DA:1883,6
DA:2224,0
DA:2225,0
DA:2248,2574
end_of_record
SF:/home/atcsol/git/Obdh_Proyectofinal/uah_photsat_freertos/service_libraries/edroomsl/edroomsl/src/edroomsl.cpp
FN:102,_ZN17CEDROOMMemoryPool9SetMemoryEjPvPbj
FNDA:19,_ZN17CEDROOMMemoryPool9SetMemoryEjPvPbj
FN:127,_ZN17CEDROOMMemoryPool14GetElementSizeEv
FNDA:0,_ZN17CEDROOMMemoryPool14GetElementSizeEv
FN:135,_ZN17CEDROOMMemoryPool9AllocDataEv
FNDA:5145,_ZN17CEDROOMMemoryPool9AllocDataEv
FN:147,_ZN17CEDROOMMemoryPool9AllocDataERj
FNDA:7719,_ZN17CEDROOMMemoryPool9AllocDataERj
FN:191,_ZN17CEDROOMMemoryPool8FreeDataEPv
FNDA:7710,_ZN17CEDROOMMemoryPool8FreeDataEPv
FN:244,_ZN26CEDROOMProtectedMemoryPoolC2EjPvPbj
FNDA:3,_ZN26CEDROOMProtectedMemoryPoolC2EjPvPbj
FN:256,_ZN26CEDROOMProtectedMemoryPool9AllocDataEv
FNDA:19,_ZN26CEDROOMProtectedMemoryPool9AllocDataEv
FN:268,_ZN26CEDROOMProtectedMemoryPool9AllocDataERj
FNDA:19,_ZN26CEDROOMProtectedMemoryPool9AllocDataERj
FN:285,_ZN26CEDROOMProtectedMemoryPool8FreeDataEPv
FNDA:18,_ZN26CEDROOMProtectedMemoryPool8FreeDataEPv
FN:330,_ZN14CEDROOMMessageC2Ev
FNDA:71,_ZN14CEDROOMMessageC2Ev
FN:345,_ZN14CEDROOMMessage16FreeDeliveryInfoEv
FNDA:19,_ZN14CEDROOMMessage16FreeDeliveryInfoEv
FN:352,_ZN14CEDROOMMessage13GetPInterfaceEv
FNDA:2571,_ZN14CEDROOMMessage13GetPInterfaceEv
FN:357,_ZN14CEDROOMMessage14GetMsgDataSizeEv
FNDA:0,_ZN14CEDROOMMessage14GetMsgDataSizeEv
FN:368,_ZN14CEDROOMMessage5replyEi
FNDA:0,_ZN14CEDROOMMessage5replyEi
FN:376,_ZN14CEDROOMMessage5replyEiPvP17CEDROOMMemoryPool
FNDA:0,_ZN14CEDROOMMessage5replyEiPvP17CEDROOMMemoryPool
FN:390,_ZN20CEDROOMSynchrMessageC2Ev
FNDA:5,_ZN20CEDROOMSynchrMessageC2Ev
FN:399,_ZN20CEDROOMSynchrMessage5replyEi
FNDA:0,_ZN20CEDROOMSynchrMessage5replyEi
FN:407,_ZN20CEDROOMSynchrMessage5replyEiPvP17CEDROOMMemoryPool
FNDA:0,_ZN20CEDROOMSynchrMessage5replyEiPvP17CEDROOMMemoryPool
FN:432,_ZN21CEDROOMTimeOutMessage16FreeDeliveryInfoEv
FNDA:2552,_ZN21CEDROOMTimeOutMessage16FreeDeliveryInfoEv
FN:457,_ZN25CEDROOMSynchrMessagesPoolC2EP20CEDROOMSynchrMessage
FNDA:5,_ZN25CEDROOMSynchrMessagesPoolC2EP20CEDROOMSynchrMessage
FN:465,_ZN25CEDROOMSynchrMessagesPool14GetElementSizeEv
FNDA:0,_ZN25CEDROOMSynchrMessagesPool14GetElementSizeEv
FN:471,_ZN25CEDROOMSynchrMessagesPool9AllocDataEv
FNDA:0,_ZN25CEDROOMSynchrMessagesPool9AllocDataEv
FN:478,_ZN25CEDROOMSynchrMessagesPool8FreeDataEPv
FNDA:0,_ZN25CEDROOMSynchrMessagesPool8FreeDataEPv
FN:484,_ZN19CEDROOMMessagesPool9SetMemoryEjP14CEDROOMMessagePb
FNDA:5,_ZN19CEDROOMMessagesPool9SetMemoryEjP14CEDROOMMessagePb
FN:492,_ZN19CEDROOMMessagesPool9AllocDataEv
FNDA:19,_ZN19CEDROOMMessagesPool9AllocDataEv
FN:498,_ZN26CEDROOMTimeOutMessagesPool9SetMemoryEjP21CEDROOMTimeOutMessagePb
FNDA:3,_ZN26CEDROOMTimeOutMessagesPool9SetMemoryEjP21CEDROOMTimeOutMessagePb
FN:506,_ZN26CEDROOMTimeOutMessagesPool9AllocDataEv
FNDA:2555,_ZN26CEDROOMTimeOutMessagesPool9AllocDataEv
FN:543,_ZN16CEDROOMInterface4sendEi
FNDA:0,_ZN16CEDROOMInterface4sendEi
FN:550,_ZN16CEDROOMInterface4sendEiPvP17CEDROOMMemoryPool
FNDA:10,_ZN16CEDROOMInterface4sendEiPvP17CEDROOMMemoryPool
FN:562,_ZN16CEDROOMInterface6invokeEi
FNDA:0,_ZN16CEDROOMInterface6invokeEi
FN:570,_ZN16CEDROOMInterface6invokeEiPvP17CEDROOMMemoryPool
FNDA:0,_ZN16CEDROOMInterface6invokeEiPvP17CEDROOMMemoryPool
FN:580,_ZN16CEDROOMInterface16applyConverFunctEi
FNDA:0,_ZN16CEDROOMInterface16applyConverFunctEi
FN:588,_ZN16CEDROOMInterfaceeqERS_
FNDA:2571,_ZN16CEDROOMInterfaceeqERS_
FN:592,_ZN16CEDROOMInterfaceneERS_
FNDA:0,_ZN16CEDROOMInterfaceneERS_
FN:601,_ZN19CEDROOMIRQInterface14InstallHandlerEv
FNDA:1,_ZN19CEDROOMIRQInterface14InstallHandlerEv
FN:610,_ZN19CEDROOMIRQInterface16DeInstallHandlerEv
FNDA:0,_ZN19CEDROOMIRQInterface16DeInstallHandlerEv
FN:620,_ZN19CEDROOMIRQInterface17EndIRQHandlerTaskEv
FNDA:0,_ZN19CEDROOMIRQInterface17EndIRQHandlerTaskEv
FN:630,_ZN19CEDROOMIRQInterface7MaskIRQEv
FNDA:1,_ZN19CEDROOMIRQInterface7MaskIRQEv
FN:635,_ZN19CEDROOMIRQInterface9UnMaskIRQEv
FNDA:1,_ZN19CEDROOMIRQInterface9UnMaskIRQEv
FN:640,_ZN19CEDROOMIRQInterfaceC2EPFvvES1_R11Pr_IRQEventR15Pr_SemaphoreBina
FNDA:1,_ZN19CEDROOMIRQInterfaceC2EPFvvES1_R11Pr_IRQEventR15Pr_SemaphoreBina
FN:653,_ZN19CEDROOMIRQInterface9NewIRQMsgEiPvP17CEDROOMMemoryPool
FNDA:9,_ZN19CEDROOMIRQInterface9NewIRQMsgEiPvP17CEDROOMMemoryPool
FN:716,_ZN26CEDROOMNonMaskIRQInterfaceC2EPFvvES1_R11Pr_IRQEventR15Pr_SemaphoreBinhPh
FNDA:0,_ZN26CEDROOMNonMaskIRQInterfaceC2EPFvvES1_R11Pr_IRQEventR15Pr_SemaphoreBinhPh
FN:728,_ZN26CEDROOMNonMaskIRQInterface14InstallHandlerEv
FNDA:0,_ZN26CEDROOMNonMaskIRQInterface14InstallHandlerEv
FN:739,_ZN26CEDROOMNonMaskIRQInterface16DeInstallHandlerEv
FNDA:0,_ZN26CEDROOMNonMaskIRQInterface16DeInstallHandlerEv
FN:748,_ZN26CEDROOMNonMaskIRQInterface17EndIRQHandlerTaskEv
FNDA:0,_ZN26CEDROOMNonMaskIRQInterface17EndIRQHandlerTaskEv
FN:790,_ZN12CEDROOMTimerC2Ev
FNDA:2555,_ZN12CEDROOMTimerC2Ev
FN:795,_ZN12CEDROOMTimer7IsValidEv
FNDA:0,_ZN12CEDROOMTimer7IsValidEv
FN:807,_ZN22CEDROOMTimingInterfaceC2EP16CEDROOMTimingSAPj
FNDA:4,_ZN22CEDROOMTimingInterfaceC2EP16CEDROOMTimingSAPj
FN:820,_ZN22CEDROOMTimingInterface8InformAtE7Pr_Time
FNDA:2555,_ZN22CEDROOMTimingInterface8InformAtE7Pr_Time
FN:833,_ZN22CEDROOMTimingInterface8InformInE7Pr_Time
FNDA:0,_ZN22CEDROOMTimingInterface8InformInE7Pr_Time
FN:849,_ZN22CEDROOMTimingInterface11currentTimeER7Pr_Time
FNDA:0,_ZN22CEDROOMTimingInterface11currentTimeER7Pr_Time
FN:856,_ZN22CEDROOMTimingInterface11currentTimeEv
FNDA:0,_ZN22CEDROOMTimingInterface11currentTimeEv
FN:870,_ZN16CEDROOMTimingSAPC2EP16CEDROOMComponentjP19CEDROOMTimingMemory
FNDA:3,_ZN16CEDROOMTimingSAPC2EP16CEDROOMComponentjP19CEDROOMTimingMemory
FN:895,_ZN16CEDROOMTimingSAP14EDROOMfunTimerEv
FNDA:3,_ZN16CEDROOMTimingSAP14EDROOMfunTimerEv
FN:1056,_ZN16CEDROOMTimingSAP8InformAtEP22CEDROOMTimingInterface7Pr_Time
FNDA:2555,_ZN16CEDROOMTimingSAP8InformAtEP22CEDROOMTimingInterface7Pr_Time
FN:1236,_ZN16CEDROOMTimingSAP5StartEv
FNDA:3,_ZN16CEDROOMTimingSAP5StartEv
FN:1248,_ZN19CEDROOMTimingMemory9SetMemoryEjP16CEDROOMTimerInfoPbP21CEDROOMTimeOutMessageS2_
FNDA:3,_ZN19CEDROOMTimingMemory9SetMemoryEjP16CEDROOMTimerInfoPbP21CEDROOMTimeOutMessageS2_
FN:1265,_ZN20CEDROOMTimerInfoPool9SetMemoryEjP16CEDROOMTimerInfoPb
FNDA:3,_ZN20CEDROOMTimerInfoPool9SetMemoryEjP16CEDROOMTimerInfoPb
FN:1276,_ZN20CEDROOMTimerInfoPool9AllocDataERj
FNDA:2555,_ZN20CEDROOMTimerInfoPool9AllocDataERj
FN:1310,_ZN12CEDROOMQueue10CQueueNodeC2Ev
FNDA:61,_ZN12CEDROOMQueue10CQueueNodeC2Ev
FN:1318,_ZN12CEDROOMQueue10CQueueHeadC2Ev
FNDA:40,_ZN12CEDROOMQueue10CQueueHeadC2Ev
FN:1328,_ZN12CEDROOMQueueC2EjP7Pr_TaskP15Pr_SemaphoreRectPNS_21CEDROOMQueueNodesPoolEPNS_10CQueueHeadE
FNDA:5,_ZN12CEDROOMQueueC2EjP7Pr_TaskP15Pr_SemaphoreRectPNS_21CEDROOMQueueNodesPoolEPNS_10CQueueHeadE
FN:1361,_ZN12CEDROOMQueue6IsFullEv
FNDA:2571,_ZN12CEDROOMQueue6IsFullEv
FN:1369,_ZN12CEDROOMQueue2InEP14CEDROOMMessage
FNDA:2571,_ZN12CEDROOMQueue2InEP14CEDROOMMessage
FN:1401,_ZN12CEDROOMQueue3OutERP14CEDROOMMessage
FNDA:2574,_ZN12CEDROOMQueue3OutERP14CEDROOMMessage
FN:1456,_ZN12CEDROOMQueue26UpDateSortedQueueHeadsListE15TEDROOMPriority
FNDA:2571,_ZN12CEDROOMQueue26UpDateSortedQueueHeadsListE15TEDROOMPriority
FN:1511,_ZN12CEDROOMQueue9PutInNodeEPNS_10CQueueHeadEPNS_10CQueueNodeE
FNDA:2571,_ZN12CEDROOMQueue9PutInNodeEPNS_10CQueueHeadEPNS_10CQueueNodeE
FN:1535,_ZN12CEDROOMQueue11TakeOutNodeERPNS_10CQueueNodeER15TEDROOMPriority
FNDA:2571,_ZN12CEDROOMQueue11TakeOutNodeERPNS_10CQueueNodeER15TEDROOMPriority
FN:1558,_ZN12CEDROOMQueue21CEDROOMQueueNodesPool9SetMemoryEjPNS_10CQueueNodeEPb
FNDA:5,_ZN12CEDROOMQueue21CEDROOMQueueNodesPool9SetMemoryEjPNS_10CQueueNodeEPb
FN:1569,_ZN12CEDROOMQueue21CEDROOMQueueNodesPool9AllocDataEv
FNDA:2571,_ZN12CEDROOMQueue21CEDROOMQueueNodesPool9AllocDataEv
FN:1606,_ZN21CEDROOMLocalTXChannelC2Ev
FNDA:6,_ZN21CEDROOMLocalTXChannelC2Ev
FN:1621,_ZN21CEDROOMLocalTXChannel4sendEiPvP17CEDROOMMemoryPool
FNDA:10,_ZN21CEDROOMLocalTXChannel4sendEiPvP17CEDROOMMemoryPool
FN:1693,_ZN21CEDROOMLocalTXChannel6invokeEiPvP17CEDROOMMemoryPool
FNDA:0,_ZN21CEDROOMLocalTXChannel6invokeEiPvP17CEDROOMMemoryPool
FN:1782,_ZN19CEDROOMLocalCommSAP17RegisterInterfaceEjR16CEDROOMInterfaceP16CEDROOMComponent
FNDA:11,_ZN19CEDROOMLocalCommSAP17RegisterInterfaceEjR16CEDROOMInterfaceP16CEDROOMComponent
FN:1795,_ZN19CEDROOMLocalCommSAP7ConnectER16CEDROOMInterfaceS1_R22CEDROOMLocalConnectionPFiiES5_
FNDA:3,_ZN19CEDROOMLocalCommSAP7ConnectER16CEDROOMInterfaceS1_R22CEDROOMLocalConnectionPFiiES5_
FN:1860,_ZN16CEDROOMComponentC2Ejtj15TEDROOMPriorityjP22CEDROOMComponentMemory
FNDA:5,_ZN16CEDROOMComponentC2Ejtj15TEDROOMPriorityjP22CEDROOMComponentMemory
FN:1891,_ZN16CEDROOMComponentC2EPKcjtj15TEDROOMPriorityjP22CEDROOMComponentMemory
FNDA:0,_ZN16CEDROOMComponentC2EPKcjtj15TEDROOMPriorityjP22CEDROOMComponentMemory
FN:1923,_ZN16CEDROOMComponentD2Ev
FNDA:0,_ZN16CEDROOMComponentD2Ev
FN:1923,_ZN16CEDROOMComponentD0Ev
FNDA:0,_ZN16CEDROOMComponentD0Ev
FN:1930,_ZN16CEDROOMComponent13EDROOMDestroyEv
FNDA:0,_ZN16CEDROOMComponent13EDROOMDestroyEv
FN:1969,_ZN16CEDROOMComponent11EDROOMStartEv
FNDA:5,_ZN16CEDROOMComponent11EDROOMStartEv
FN:1984,_ZN16CEDROOMComponent12EDROOMNewMsgEv
FNDA:2574,_ZN16CEDROOMComponent12EDROOMNewMsgEv
FN:2009,_ZN16CEDROOMComponent17EDROOMFreeMessageERP14CEDROOMMessage
FNDA:2574,_ZN16CEDROOMComponent17EDROOMFreeMessageERP14CEDROOMMessage
FN:2037,_ZN16CEDROOMComponent21EDROOMFreeMsgBackDataEv
FNDA:2574,_ZN16CEDROOMComponent21EDROOMFreeMsgBackDataEv
FN:2055,_ZN16CEDROOMComponent19EDROOMComponentTaskEv
FNDA:5,_ZN16CEDROOMComponent19EDROOMComponentTaskEv
FN:2071,_ZN22CEDROOMComponentMemory9SetMemoryEjP14CEDROOMMessagePbjPN12CEDROOMQueue10CQueueNodeES2_PNS3_10CQueueHeadE
FNDA:5,_ZN22CEDROOMComponentMemory9SetMemoryEjP14CEDROOMMessagePbjPN12CEDROOMQueue10CQueueNodeES2_PNS3_10CQueueHeadE
DA:102,19
DA:108,19
DA:111,19
DA:113,176
DA:114,157
DA:117,19
DA:120,19
DA:123,19
DA:125,19
DA:127,0
DA:128,0
DA:135,5145
DA:139,5145
DA:147,7719
DA:149,7719
DA:153,7719
DA:156,7719
DA:159,7719
DA:160,7719
DA:163,7719
DA:164,7719
DA:165,7719
DA:167,0
DA:169,7719
DA:171,7719
DA:174,7719
DA:176,7719
DA:178,7719
DA:181,0
DA:184,7719
DA:191,7710
DA:199,7710
DA:202,7710
DA:204,7710
DA:206,7710
DA:210,0
DA:215,7710
DA:218,7710
DA:221,7710
DA:222,0
DA:224,7710
DA:226,7710
DA:229,7710
DA:244,3
DA:245,3
DA:248,3
DA:250,3
DA:256,19
DA:260,38
DA:268,19
DA:272,19
DA:274,19
DA:276,19
DA:278,19
DA:285,18
DA:289,18
DA:291,18
DA:293,18
DA:295,18
DA:330,71
DA:332,71
DA:333,71
DA:334,71
DA:335,71
DA:336,71
DA:337,71
DA:338,71
DA:340,71
DA:345,19
DA:347,19
DA:352,2571
DA:353,2571
DA:357,0
DA:358,0
DA:359,0
DA:360,0
DA:362,0
DA:368,0
DA:372,0
DA:373,0
DA:376,0
DA:381,0
DA:382,0
DA:390,5
DA:391,5
DA:392,5
DA:393,5
DA:394,5
DA:399,0
DA:401,0
DA:403,0
DA:407,0
DA:410,0
DA:412,0
DA:413,0
DA:415,0
DA:416,0
DA:417,0
DA:420,0
DA:422,0
DA:423,0
DA:425,0
DA:432,2552
DA:434,2552
DA:436,2552
DA:438,2552
DA:440,2552
DA:442,2552
DA:446,2552
DA:448,2552
DA:457,5
DA:458,5
DA:459,5
DA:461,5
DA:463,5
DA:465,0
DA:466,0
DA:471,0
DA:473,0
DA:474,0
DA:478,0
DA:480,0
DA:481,0
DA:484,5
DA:487,5
DA:490,5
DA:492,19
DA:494,19
DA:498,3
DA:501,3
DA:504,3
DA:506,2555
DA:508,2555
DA:543,0
DA:546,0
DA:548,0
DA:550,10
DA:555,10
DA:557,10
DA:562,0
DA:564,0
DA:570,0
DA:573,0
DA:580,0
DA:582,0
DA:588,2571
DA:589,2571
DA:592,0
DA:593,0
DA:601,1
DA:602,1
DA:603,1
DA:605,1
DA:608,1
DA:610,0
DA:611,0
DA:612,0
DA:613,0
DA:614,0
DA:615,0
DA:618,0
DA:620,0
DA:622,0
DA:623,0
DA:624,0
DA:625,0
DA:626,0
DA:628,0
DA:630,1
DA:632,1
DA:633,1
DA:635,1
DA:637,1
DA:638,1
DA:640,1
DA:642,1
DA:644,1
DA:645,1
DA:646,1
DA:647,1
DA:648,1
DA:649,1
DA:651,1
DA:653,9
DA:659,9
DA:662,9
DA:665,0
DA:667,9
DA:670,0
DA:675,9
DA:679,9
DA:683,9
DA:686,9
DA:689,9
DA:691,9
DA:692,9
DA:693,0
DA:698,9
DA:701,9
DA:704,9
DA:709,9
DA:711,9
DA:716,0
DA:719,0
DA:721,0
DA:723,0
DA:724,0
DA:726,0
DA:728,0
DA:730,0
DA:731,0
DA:732,0
DA:734,0
DA:737,0
DA:739,0
DA:740,0
DA:741,0
DA:742,0
DA:743,0
DA:746,0
DA:748,0
DA:750,0
DA:751,0
DA:752,0
DA:753,0
DA:755,0
DA:790,2555
DA:791,2555
DA:792,2555
DA:793,2555
DA:795,0
DA:796,0
DA:807,4
DA:808,4
DA:810,4
DA:812,4
DA:813,4
DA:815,4
DA:820,2555
DA:822,2555
DA:833,0
DA:835,0
DA:837,0
DA:839,0
DA:842,0
DA:849,0
DA:850,0
DA:851,0
DA:856,0
DA:857,0
DA:858,0
DA:859,0
DA:870,3
DA:871,3
DA:876,3
DA:880,3
DA:882,3
DA:884,3
DA:886,3
DA:888,3
DA:890,3
DA:895,3
DA:901,3
DA:903,3
DA:904,3
DA:908,3
DA:911,3
DA:914,3
DA:918,2555
DA:921,2555
DA:923,2555
DA:926,2555
DA:929,2555
DA:931,2555
DA:934,2555
DA:937,2540
DA:938,2540
DA:940,2540
DA:942,2537
DA:947,2552
DA:950,2552
DA:954,2552
DA:958,2552
DA:961,2552
DA:965,2552
DA:968,2552
DA:971,2552
DA:973,2552
DA:975,0
DA:979,2552
DA:984,2552
DA:987,2552
DA:992,2552
DA:994,0
DA:996,0
DA:998,0
DA:1001,0
DA:1004,0
DA:1007,0
DA:1012,0
DA:1015,0
DA:1018,0
DA:1020,0
DA:1022,0
DA:1026,0
DA:1031,0
DA:1034,0
DA:1037,0
DA:1044,2552
DA:1056,2555
DA:1062,2555
DA:1065,2555
DA:1067,2555
DA:1069,0
DA:1072,0
DA:1079,2555
DA:1082,2555
DA:1085,2555
DA:1088,2555
DA:1091,2555
DA:1093,2555
DA:1095,2555
DA:1100,2555
DA:1103,2555
DA:1107,2555
DA:1111,2555
DA:1113,2555
DA:1115,2555
DA:1117,2555
DA:1119,2555
DA:1121,2555
DA:1123,2555
DA:1125,2555
DA:1127,2555
DA:1129,2555
DA:1133,2555
DA:1137,2555
DA:1139,2555
DA:1143,0
DA:1144,0
DA:1150,0
DA:1152,0
DA:1153,0
DA:1157,0
DA:1160,0
DA:1166,0
DA:1170,0
DA:1173,0
DA:1177,0
DA:1179,0
DA:1181,0
DA:1184,0
DA:1187,0
DA:1188,0
DA:1192,0
DA:1200,2555
DA:1202,2555
DA:1203,2555
DA:1209,2555
DA:1211,2555
DA:1215,2555
DA:1219,2555
DA:1220,2555
DA:1225,2555
DA:1230,2555
DA:1236,3
DA:1240,3
DA:1241,3
DA:1243,3
DA:1248,3
DA:1255,3
DA:1258,3
DA:1260,3
DA:1265,3
DA:1268,3
DA:1271,3
DA:1276,2555
DA:1278,2555
DA:1310,61
DA:1311,61
DA:1312,61
DA:1313,61
DA:1318,40
DA:1319,40
DA:1320,40
DA:1321,40
DA:1322,40
DA:1323,40
DA:1328,5
DA:1330,5
DA:1331,5
DA:1335,5
DA:1337,5
DA:1338,5
DA:1339,5
DA:1341,5
DA:1342,5
DA:1344,5
DA:1345,5
DA:1347,45
DA:1348,40
DA:1350,5
DA:1352,5
DA:1361,2571
DA:1363,2571
DA:1369,2571
DA:1371,2571
DA:1375,2571
DA:1376,2571
DA:1377,2571
DA:1379,2571
DA:1383,2571
DA:1385,2571
DA:1389,2571
DA:1391,2554
DA:1392,2554
DA:1396,2571
DA:1401,2574
DA:1408,2574
DA:1412,2574
DA:1414,2557
DA:1418,2557
DA:1421,2557
DA:1427,2554
DA:1434,2571
DA:1436,2571
DA:1438,2571
DA:1442,2571
DA:1444,2571
DA:1446,2571
DA:1450,2571
DA:1452,2571
DA:1456,2571
DA:1460,2571
DA:1462,2571
DA:1464,2571
DA:1466,2571
DA:1467,2571
DA:1469,0
DA:1471,0
DA:1472,0
DA:1473,0
DA:1476,0
DA:1478,0
DA:1480,0
DA:1482,0
DA:1483,0
DA:1484,0
DA:1488,0
DA:1489,0
DA:1491,0
DA:1493,0
DA:1494,0
DA:1495,0
DA:1502,2571
DA:1511,2571
DA:1512,2571
DA:1514,2571
DA:1516,0
DA:1517,0
DA:1518,0
DA:1521,2571
DA:1523,2571
DA:1526,2571
DA:1535,2571
DA:1540,2571
DA:1542,2571
DA:1545,2571
DA:1549,2571
DA:1551,2571
DA:1553,2571
DA:1558,5
DA:1561,5
DA:1564,5
DA:1569,2571
DA:1571,2571
DA:1606,6
DA:1608,6
DA:1609,6
DA:1611,6
DA:1612,6
DA:1613,6
DA:1614,6
DA:1616,6
DA:1621,10
DA:1627,10
DA:1628,10
DA:1629,0
DA:1632,0
DA:1634,0
DA:1639,10
DA:1642,10
DA:1645,0
DA:1647,0
DA:1649,10
DA:1652,0
DA:1654,0
DA:1658,10
DA:1659,10
DA:1664,10
DA:1667,10
DA:1670,10
DA:1673,10
DA:1676,10
DA:1679,10
DA:1682,10
DA:1683,10
DA:1684,10
DA:1688,10
DA:1693,0
DA:1697,0
DA:1704,0
DA:1709,0
DA:1712,0
DA:1715,0
DA:1718,0
DA:1721,0
DA:1722,0
DA:1723,0
DA:1726,0
DA:1731,0
DA:1735,0
DA:1738,0
DA:1741,0
DA:1744,0
DA:1747,0
DA:1749,0
DA:1751,0
DA:1753,0
DA:1754,0
DA:1755,0
DA:1756,0
DA:1757,0
DA:1758,0
DA:1761,0
DA:1763,0
DA:1765,0
DA:1767,0
DA:1771,0
DA:1782,11
DA:1785,11
DA:1787,11
DA:1789,11
DA:1795,3
DA:1801,3
DA:1803,3
DA:1805,3
DA:1807,3
DA:1811,3
DA:1812,3
DA:1816,3
DA:1817,3
DA:1818,3
DA:1819,3
DA:1823,3
DA:1824,3
DA:1826,3
DA:1860,5
DA:1862,5
DA:1867,5
DA:1871,5
DA:1873,5
DA:1875,5
DA:1877,5
DA:1879,5
DA:1880,5
DA:1882,5
DA:1884,5
DA:1886,5
DA:1891,0
DA:1894,0
DA:1899,0
DA:1903,0
DA:1905,0
DA:1907,0
DA:1909,0
DA:1911,0
DA:1912,0
DA:1914,0
DA:1916,0
DA:1918,0
DA:1923,0
DA:1925,0
DA:1923,0
DA:1925,0
DA:1930,0
DA:1934,0
DA:1936,0
DA:1938,0
DA:1940,0
DA:1943,0
DA:1946,0
DA:1950,0
DA:1952,0
DA:1955,0
DA:1959,0
DA:1962,0
DA:1964,0
DA:1969,5
DA:1972,5
DA:1974,5
DA:1976,5
DA:1984,2574
DA:1987,2574
DA:1990,2574
DA:1993,2574
DA:1996,2574
DA:1999,2574
DA:2002,2571
DA:2004,2571
DA:2009,2574
DA:2012,2574
DA:2014,2569
DA:2015,18
DA:2016,18
DA:2018,0
DA:2024,2569
DA:2026,2569
DA:2027,2569
DA:2029,2569
DA:2032,2574
DA:2037,2574
DA:2039,2574
DA:2040,0
DA:2041,0
DA:2042,0
DA:2044,0
DA:2048,2574
DA:2055,5
DA:2058,5
DA:2060,5
DA:2062,0
DA:2071,5
DA:2078,5
DA:2080,5
DA:2083,5
DA:2085,5
end_of_record
SF:/home/atcsol/git/Obdh_Proyectofinal/uah_photsat_freertos/service_libraries/edroomsl/edroombp/include/public/edroombp.h
FN:192,_ZN12Pr_SemaphoreD2Ev
FNDA:6,_ZN12Pr_SemaphoreD2Ev
FN:261,_ZN15Pr_SemaphoreBinD2Ev
FNDA:1,_ZN15Pr_SemaphoreBinD2Ev
FN:310,_ZN15Pr_SemaphoreRec4WaitEv
FNDA:25905,_ZN15Pr_SemaphoreRec4WaitEv
FN:319,_ZN15Pr_SemaphoreRec6SignalEv
FNDA:25905,_ZN15Pr_SemaphoreRec6SignalEv
FN:337,_ZN15Pr_SemaphoreRecD2Ev
FNDA:5,_ZN15Pr_SemaphoreRecD2Ev
FN:533,_ZN7Pr_TaskD2Ev
FNDA:0,_ZN7Pr_TaskD2Ev
DA:192,6
DA:193,6
DA:194,6
DA:195,6
DA:261,1
DA:262,1
DA:264,1
DA:310,25905
DA:319,25905
DA:337,5
DA:533,0
DA:534,0
DA:536,0
end_of_record
TN:
SF:/home/atcsol/git/Obdh_Proyectofinal/uah_photsat_freertos/service_libraries/attitude_pid_ctrl/src/attitude_pid_ctrl.c
FN:15,limit_torque
FNDA:5004,limit_torque
FN:26,attitude_pid_ctrl
FNDA:2502,attitude_pid_ctrl
DA:15,5004
DA:17,5004
DA:18,5004
DA:19,132
DA:20,4872
DA:21,112
DA:23,5004
DA:26,2502
DA:37,2502
DA:38,2502
DA:43,2502
DA:44,2502
DA:45,2502
DA:46,2502
DA:48,2502
DA:49,2502
DA:51,2502
DA:52,2502
DA:55,2502
DA:56,2502
DA:58,2502
DA:59,2502
DA:61,2502
DA:62,2502
DA:65,5004
DA:66,2502
DA:69,2502
DA:70,2502
DA:73,2502
DA:74,2502
DA:76,2502
DA:77,2502
DA:79,2502
DA:80,2502
DA:83,2502
DA:87,2502
DA:88,2502
DA:90,2502
end_of_record
